
Copyright (C) 1994-2018 Synopsys, Inc.
This Synopsys software and all associated documentation are proprietary to Synopsys, Inc.
and may only be used pursuant to the terms and conditions of a written license agreement
with Synopsys, Inc. All other use, reproduction, modification, or distribution of the
Synopsys software or the associated documentation is strictly prohibited.
Tool: Synplify Pro (R)
Build: N-2018.03L-SP1-1
Install: C:\lscc\diamond\3.11_x64\synpbase
OS: Windows 6.2

Hostname: DESKTOP-VE269NP

Implementation : impl1
Synopsys VHDL Compiler, Version comp2018q2p1, Build 461R, Built Apr  1 2019 09:17:43

@N|Running in 64-bit mode
@N:"D:\Semestre 2-2020\DSD\Ejercicios\Contador Johnson\cont_john.vhd":4:7:4:10|Top entity is set to cont.
@E: CD213 :"D:/Semestre 2-2020/DSD/Ejercicios/Contador Johnson/cont_john.vhd":14:1:14:7|Undefined identifier
@E: CD415 :"D:/Semestre 2-2020/DSD/Ejercicios/Contador Johnson/cont_john.vhd":17:2:17:6|Expecting keyword end
2 errors parsing file D:/Semestre 2-2020/DSD/Ejercicios/Contador Johnson/cont_john.vhd
@END
@E: Parse errors encountered - exiting
Process took 0h:00m:01s realtime, 0h:00m:01s cputime
# Thu Nov  5 16:52:07 2020

###########################################################]
