
             Lattice Mapping Report File for Design Module 'top'


Design Information
------------------

Command line:   map -a MachXO2 -p LCMXO2-7000HE -t TQFP144 -s 4 -oc Industrial
     Memoria_ROM_impl1.ngd -o Memoria_ROM_impl1_map.ncd -pr
     Memoria_ROM_impl1.prf -mp Memoria_ROM_impl1.mrp -lpf D:/Semestre
     2-2020/DSD/Practicas/Top Memoria ROM/impl1/Memoria_ROM_impl1_synplify.lpf
     -lpf D:/Semestre 2-2020/DSD/Practicas/Top Memoria ROM/Memoria_ROM.lpf -c 0
     -gui 
Target Vendor:  LATTICE
Target Device:  LCMXO2-7000HETQFP144
Target Performance:   4
Mapper:  xo2c00,  version:  Diamond (64-bit) 3.11.3.469
Mapped on:  12/06/20  22:00:24

Design Summary
--------------

   Number of registers:     21 out of  7209 (0%)
      PFU registers:           21 out of  6864 (0%)
      PIO registers:            0 out of   345 (0%)
   Number of SLICEs:        27 out of  3432 (1%)
      SLICEs as Logic/ROM:     27 out of  3432 (1%)
      SLICEs as RAM:            0 out of  2574 (0%)
      SLICEs as Carry:         11 out of  3432 (0%)
   Number of LUT4s:         54 out of  6864 (1%)
      Number used as logic LUTs:         32
      Number used as distributed RAM:     0
      Number used as ripple logic:       22
      Number used as shift registers:     0
   Number of PIO sites used: 18 + 4(JTAG) out of 115 (19%)
   Number of block RAMs:  0 out of 26 (0%)
   Number of GSRs:        1 out of 1 (100%)
   EFB used :        No
   JTAG used :       No
   Readback used :   No
   Oscillator used : Yes
   Startup used :    No
   POR :             On
   Bandgap :         On
   Number of Power Controller:  0 out of 1 (0%)
   Number of Dynamic Bank Controller (BCINRD):  0 out of 6 (0%)
   Number of Dynamic Bank Controller (BCLVDSO):  0 out of 1 (0%)
   Number of DCCA:  0 out of 8 (0%)
   Number of DCMA:  0 out of 2 (0%)
   Number of PLLs:  0 out of 2 (0%)
   Number of DQSDLLs:  0 out of 2 (0%)
   Number of CLKDIVC:  0 out of 4 (0%)
   Number of ECLKSYNCA:  0 out of 4 (0%)
   Number of ECLKBRIDGECS:  0 out of 2 (0%)
   Notes:-
      1. Total number of LUT4s = (Number of logic LUT4s) + 2*(Number of
     distributed RAMs) + 2*(Number of ripple logic)
      2. Number of logic LUT4s does not include count of distributed RAM and
     ripple logic.
   Number of clocks:  1
     Net osc_aux: 11 loads, 11 rising, 0 falling (Driver: cto1/OSCInst0 )
   Number of Clock Enables:  0

                                    Page 1




Design:  top                                           Date:  12/06/20  22:00:24

Design Summary (cont)
---------------------
   Number of local set/reset loads for net cto2/un1_clr_1 merged into GSR:  21
   Number of LSRs:  0
   Number of nets driven by tri-state buffers:  0
   Top 10 highest fanout non-clock nets:
     Net q9_aux[2]: 22 loads
     Net q9_aux[1]: 19 loads
     Net q9_aux[0]: 18 loads
     Net csr_c: 8 loads
     Net q25_aux[0]: 8 loads
     Net q25_aux[1]: 8 loads
     Net q25_aux[2]: 7 loads
     Net cto4/N_31: 4 loads
     Net cto4/N_38: 4 loads
     Net cto4/N_39: 3 loads




   Number of warnings:  1
   Number of errors:    0
     

Design Errors/Warnings
----------------------

WARNING - map: Using local reset signal 'cto2/un1_clr_1' to infer global GSR
     net.

IO (PIO) Attributes
-------------------

+---------------------+-----------+-----------+------------+
| IO Name             | Direction | Levelmode | IO         |
|                     |           |  IO_TYPE  | Register   |
+---------------------+-----------+-----------+------------+
| col[0]              | OUTPUT    | LVCMOS25  |            |
+---------------------+-----------+-----------+------------+
| fil[0]              | OUTPUT    | LVCMOS25  |            |
+---------------------+-----------+-----------+------------+
| csr                 | INPUT     | LVCMOS25  |            |
+---------------------+-----------+-----------+------------+
| col[7]              | OUTPUT    | LVCMOS25  |            |
+---------------------+-----------+-----------+------------+
| col[6]              | OUTPUT    | LVCMOS25  |            |
+---------------------+-----------+-----------+------------+
| col[5]              | OUTPUT    | LVCMOS25  |            |
+---------------------+-----------+-----------+------------+
| col[4]              | OUTPUT    | LVCMOS25  |            |
+---------------------+-----------+-----------+------------+
| col[3]              | OUTPUT    | LVCMOS25  |            |
+---------------------+-----------+-----------+------------+
| col[2]              | OUTPUT    | LVCMOS25  |            |
+---------------------+-----------+-----------+------------+
| col[1]              | OUTPUT    | LVCMOS25  |            |
+---------------------+-----------+-----------+------------+
| fil[7]              | OUTPUT    | LVCMOS25  |            |

                                    Page 2




Design:  top                                           Date:  12/06/20  22:00:24

IO (PIO) Attributes (cont)
--------------------------
+---------------------+-----------+-----------+------------+
| fil[6]              | OUTPUT    | LVCMOS25  |            |
+---------------------+-----------+-----------+------------+
| fil[5]              | OUTPUT    | LVCMOS25  |            |
+---------------------+-----------+-----------+------------+
| fil[4]              | OUTPUT    | LVCMOS25  |            |
+---------------------+-----------+-----------+------------+
| fil[3]              | OUTPUT    | LVCMOS25  |            |
+---------------------+-----------+-----------+------------+
| fil[2]              | OUTPUT    | LVCMOS25  |            |
+---------------------+-----------+-----------+------------+
| fil[1]              | OUTPUT    | LVCMOS25  |            |
+---------------------+-----------+-----------+------------+
| clr                 | INPUT     | LVCMOS25  |            |
+---------------------+-----------+-----------+------------+

Removed logic
-------------

Block VCC undriven or does not drive anything - clipped.
Block GND undriven or does not drive anything - clipped.
Block cto3/GND undriven or does not drive anything - clipped.
Block cto4/GND undriven or does not drive anything - clipped.
Signal cto1/GND undriven or does not drive anything - clipped.
Signal cto2/GND undriven or does not drive anything - clipped.
Signal VCC undriven or does not drive anything - clipped.
Signal cto1/OSCInst0_SEDSTDBY undriven or does not drive anything - clipped.
Signal cto2/Qaux_cry_0_COUT[19] undriven or does not drive anything - clipped.
Signal cto2/Qaux_cry_0_S0[0] undriven or does not drive anything - clipped.
Signal cto2/N_1 undriven or does not drive anything - clipped.
Block cto1/GND was optimized away.
Block cto2/GND was optimized away.

     

OSC Summary
-----------

OSC 1:                                     Pin/Node Value
  OSC Instance Name:                                cto1/OSCInst0
  OSC Type:                                         OSCH
  STDBY Input:                                      NONE
  OSC Output:                              NODE     osc_aux
  OSC Nominal Frequency (MHz):                      2.08

ASIC Components
---------------

Instance Name: cto1/OSCInst0
         Type: OSCH

GSR Usage
---------

GSR Component:
   The local reset signal 'cto2/un1_clr_1' of the design has been inferred as

                                    Page 3




Design:  top                                           Date:  12/06/20  22:00:24

GSR Usage (cont)
----------------
        Global Set Reset (GSR). The reset signal used for GSR control is
        'cto2/un1_clr_1'.
        

     GSR Property:
   The design components with GSR property set to ENABLED will respond to global
        set reset while the components with GSR property set to DISABLED will
        not.
        

Run Time and Memory Usage
-------------------------

   Total CPU Time: 0 secs  
   Total REAL Time: 0 secs  
   Peak Memory Usage: 58 MB
        








































                                    Page 4


Copyright (c) 1991-1994 by NeoCAD Inc. All rights reserved.
     Copyright (c) 1995 AT&T Corp.   All rights reserved.
     Copyright (c) 1995-2001 Lucent Technologies Inc.  All rights reserved.
     Copyright (c) 2001 Agere Systems   All rights reserved.
     Copyright (c) 2002-2020 Lattice Semiconductor Corporation,  All rights
     reserved.
