Active-HDL 10.5.216.6767 2020-10-05 20:47:34

Elaboration top modules:
Architecture                  registro(reg)


-----------------------------------------------------------------------------------------
Entity   | Architecture | Library | Info | Compiler Version        | Compilation Options
-----------------------------------------------------------------------------------------
reg      | registro     | work    |      | 10.5.216.6767 (Windows) | -dbg
-----------------------------------------------------------------------------------------

-----------------------------------------------------------------------------------------
VHDL Package            | Library | Info | Compiler Version        | Compilation Options
-----------------------------------------------------------------------------------------
standard                | std     |      |                         | <unavailable>
TEXTIO                  | std     |      |                         | <unavailable>
std_logic_1164          | ieee    |      |                         | <unavailable>
-----------------------------------------------------------------------------------------

-----------------------------------------------------------------------------------------
Library                 | Comment
-----------------------------------------------------------------------------------------
ieee                    | Standard IEEE packages library
std                     | Standard VHDL library
work                    | None
-----------------------------------------------------------------------------------------


Simulation Options: vsim +access +r reg -PL pmi_work -L ovi_machxo2


The performance of simulation is reduced. Version Lattice Edition
