
Copyright (C) 1994-2018 Synopsys, Inc.
This Synopsys software and all associated documentation are proprietary to Synopsys, Inc.
and may only be used pursuant to the terms and conditions of a written license agreement
with Synopsys, Inc. All other use, reproduction, modification, or distribution of the
Synopsys software or the associated documentation is strictly prohibited.
Tool: Synplify Pro (R)
Build: N-2018.03L-SP1-1
Install: C:\lscc\diamond\3.11_x64\synpbase
OS: Windows 6.2

Hostname: DESKTOP-VE269NP

Implementation : impl1
Synopsys HDL compiler and linker, Version comp2018q2p1, Build 461R, Built Apr  1 2019 09:17:43

Modified Files: 14
FID:  path (prevtimestamp, timestamp)
0        C:\lscc\diamond\3.11_x64\cae_library\synthesis\vhdl\machxo2.vhd (N/A, 2018-11-15 00:32:12)
1        C:\lscc\diamond\3.11_x64\synpbase\lib\lucent\machxo2.vhd (N/A, 2019-04-01 08:08:08)
2        C:\lscc\diamond\3.11_x64\synpbase\lib\vhd\arith.vhd (N/A, 2019-04-01 08:07:44)
3        C:\lscc\diamond\3.11_x64\synpbase\lib\vhd\hyperents.vhd (N/A, 2019-04-01 08:07:44)
4        C:\lscc\diamond\3.11_x64\synpbase\lib\vhd\location.map (N/A, 2019-04-01 15:38:28)
5        C:\lscc\diamond\3.11_x64\synpbase\lib\vhd\numeric.vhd (N/A, 2019-04-01 08:07:44)
6        C:\lscc\diamond\3.11_x64\synpbase\lib\vhd\snps_haps_pkg.vhd (N/A, 2019-04-01 08:07:44)
7        C:\lscc\diamond\3.11_x64\synpbase\lib\vhd\std.vhd (N/A, 2019-04-01 08:07:44)
8        C:\lscc\diamond\3.11_x64\synpbase\lib\vhd\std1164.vhd (N/A, 2019-04-01 08:07:44)
9        C:\lscc\diamond\3.11_x64\synpbase\lib\vhd\umr_capim.vhd (N/A, 2019-04-01 08:07:44)
10       C:\lscc\diamond\3.11_x64\synpbase\lib\vhd\unsigned.vhd (N/A, 2019-04-01 08:07:44)
11       D:\Semestre 2-2020\DSD\Ejercicios\Flip_Flop\Flip_Flop.vhd (N/A, 2020-10-05 13:26:35)
12       D:\Semestre 2-2020\DSD\Ejercicios\MUX\mux.vhd (N/A, 2020-10-05 16:47:27)
13       D:\Semestre 2-2020\DSD\Ejercicios\Top\ejemplo_Top.vhd (N/A, 2020-10-05 20:30:12)

*******************************************************************
Modules that may have changed as a result of file changes: 3
MID:  lib.cell.view
0        work.ejemplo.ej_top may have changed because the following files changed:
                        D:\Semestre 2-2020\DSD\Ejercicios\Top\ejemplo_Top.vhd (N/A, 2020-10-05 20:30:12) <-- (architecture and entity definition)
2        work.flip.flop may have changed because the following files changed:
                        D:\Semestre 2-2020\DSD\Ejercicios\Flip_Flop\Flip_Flop.vhd (N/A, 2020-10-05 13:26:35) <-- (architecture and entity definition)
                        D:\Semestre 2-2020\DSD\Ejercicios\Top\ejemplo_Top.vhd (N/A, 2020-10-05 20:30:12) <-- (may instantiate this module)
4        work.multiplexor.mux may have changed because the following files changed:
                        D:\Semestre 2-2020\DSD\Ejercicios\MUX\mux.vhd (N/A, 2020-10-05 16:47:27) <-- (architecture and entity definition)
                        D:\Semestre 2-2020\DSD\Ejercicios\Top\ejemplo_Top.vhd (N/A, 2020-10-05 20:30:12) <-- (may instantiate this module)

*******************************************************************
Unmodified files: 0
FID:  path (timestamp)

*******************************************************************
Unchanged modules: 0
MID:  lib.cell.view
