Running in Lattice mode

Starting:    C:\lscc\diamond\3.11_x64\synpbase\bin64\mbin\synbatch.exe
Install:     C:\lscc\diamond\3.11_x64\synpbase
Hostname:    DESKTOP-VE269NP
Date:        Wed Oct  7 23:33:18 2020
Version:     N-2018.03L-SP1-1

Arguments:   -product synplify_pro -batch reg_4b_top_impl1_synplify.tcl
ProductType: synplify_pro




Copied D:\Semestre 2-2020\DSD\Ejercicios\Registro 4b Final\impl1\reg_4b_top_impl1.srr to D:\Semestre 2-2020\DSD\Ejercicios\Registro 4b Final\impl1\backup\reg_4b_top_impl1.srr
log file: "D:\Semestre 2-2020\DSD\Ejercicios\Registro 4b Final\impl1\reg_4b_top_impl1.srr"
Running: hdl_info_gen in foreground

Generating HDL info...
Copied D:\Semestre 2-2020\DSD\Ejercicios\Registro 4b Final\impl1\reg_4b_top_impl1.srr to D:\Semestre 2-2020\DSD\Ejercicios\Registro 4b Final\impl1\reg_4b_top_impl1.srf

hdl_info_gen completed
# Wed Oct  7 23:33:20 2020

Return Code: 0
Run Time:00h:00m:02s
log file: "D:\Semestre 2-2020\DSD\Ejercicios\Registro 4b Final\impl1\reg_4b_top_impl1.srr"
Running: impl1 in foreground

Running proj_1|impl1

Running Flow: compile (Compile) on proj_1|impl1
# Wed Oct  7 23:33:21 2020

Running Flow: compile_flow (Compile Process) on proj_1|impl1
# Wed Oct  7 23:33:21 2020

Running: compiler (Compile Input) on proj_1|impl1
# Wed Oct  7 23:33:21 2020

compiler completed
# Wed Oct  7 23:33:25 2020

Return Code: 0
Run Time:00h:00m:04s

Running: multi_srs_gen (Multi-srs Generator) on proj_1|impl1
# Wed Oct  7 23:33:25 2020

multi_srs_gen completed
# Wed Oct  7 23:33:26 2020

Return Code: 0
Run Time:00h:00m:01s
Copied D:\Semestre 2-2020\DSD\Ejercicios\Registro 4b Final\impl1\reg_4b_top_impl1.srr to D:\Semestre 2-2020\DSD\Ejercicios\Registro 4b Final\impl1\reg_4b_top_impl1.srf
Complete: Compile Process on proj_1|impl1

Running: premap (Premap) on proj_1|impl1
# Wed Oct  7 23:33:26 2020

premap completed with warnings
# Wed Oct  7 23:33:34 2020

Return Code: 1
Run Time:00h:00m:08s
Complete: Compile on proj_1|impl1

Running Flow: map (Map) on proj_1|impl1
# Wed Oct  7 23:33:34 2020
License granted for 4 parallel jobs

Running: fpga_mapper (Map & Optimize) on proj_1|impl1
# Wed Oct  7 23:33:34 2020
Copied D:\Semestre 2-2020\DSD\Ejercicios\Registro 4b Final\impl1\synwork\reg_4b_top_impl1_m.srm to D:\Semestre 2-2020\DSD\Ejercicios\Registro 4b Final\impl1\reg_4b_top_impl1.srm

fpga_mapper completed with warnings
# Wed Oct  7 23:33:44 2020

Return Code: 1
Run Time:00h:00m:10s
Complete: Map on proj_1|impl1
Copied D:\Semestre 2-2020\DSD\Ejercicios\Registro 4b Final\impl1\reg_4b_top_impl1.srr to D:\Semestre 2-2020\DSD\Ejercicios\Registro 4b Final\impl1\reg_4b_top_impl1.srf
Complete: Logic Synthesis on proj_1|impl1
TCL script complete: "reg_4b_top_impl1_synplify.tcl"
exit status=0
exit status=0
Save changes for project:
D:\Semestre 2-2020\DSD\Ejercicios\Registro 4b Final\impl1\proj_1.prj
batch mode default:no
