
synpwrap -msg -prj "top_bcd_7_seg_impl1_synplify.tcl" -log "top_bcd_7_seg_impl1.srf"
Copyright (C) 1992-2019 Lattice Semiconductor Corporation. All rights reserved.
Lattice Diamond Version 3.11.3.469
    <postMsg mid="2011000" type="Info"    dynamic="0" navigation="0"  />

==contents of top_bcd_7_seg_impl1.srf
#Build: Synplify Pro (R) N-2018.03L-SP1-1, Build 443R, Apr  1 2019
#install: C:\lscc\diamond\3.11_x64\synpbase
#OS: Windows 8 6.2
#Hostname: DESKTOP-VE269NP

# Fri Nov 13 14:06:45 2020

#Implementation: impl1


Copyright (C) 1994-2018 Synopsys, Inc.
This Synopsys software and all associated documentation are proprietary to Synopsys, Inc.
and may only be used pursuant to the terms and conditions of a written license agreement
with Synopsys, Inc. All other use, reproduction, modification, or distribution of the
Synopsys software or the associated documentation is strictly prohibited.
Tool: Synplify Pro (R)
Build: N-2018.03L-SP1-1
Install: C:\lscc\diamond\3.11_x64\synpbase
OS: Windows 6.2

Hostname: DESKTOP-VE269NP

Implementation : impl1
Synopsys HDL Compiler, Version comp2018q2p1, Build 461R, Built Apr  1 2019 09:17:43

@N|Running in 64-bit mode

Copyright (C) 1994-2018 Synopsys, Inc.
This Synopsys software and all associated documentation are proprietary to Synopsys, Inc.
and may only be used pursuant to the terms and conditions of a written license agreement
with Synopsys, Inc. All other use, reproduction, modification, or distribution of the
Synopsys software or the associated documentation is strictly prohibited.
Tool: Synplify Pro (R)
Build: N-2018.03L-SP1-1
Install: C:\lscc\diamond\3.11_x64\synpbase
OS: Windows 6.2

Hostname: DESKTOP-VE269NP

Implementation : impl1
Synopsys VHDL Compiler, Version comp2018q2p1, Build 461R, Built Apr  1 2019 09:17:43

@N|Running in 64-bit mode
@N:"D:\Semestre 2-2020\DSD\Practicas\Top BCD to 7Seg\top_bin_bcd_7seg.vhd":7:7:7:13|Top entity is set to top_bcd.
Options changed - recompiling
VHDL syntax check successful!
Options changed - recompiling
@N: CD630 :"D:\Semestre 2-2020\DSD\Practicas\Top BCD to 7Seg\top_bin_bcd_7seg.vhd":7:7:7:13|Synthesizing work.top_bcd.seg.
@N: CD630 :"D:\Semestre 2-2020\DSD\Practicas\Top BCD to 7Seg\dec_2_4.vhd":6:7:6:10|Synthesizing work.deco.de.
Post processing for work.deco.de
Running optimization stage 1 on deco .......
@N: CD630 :"D:\Semestre 2-2020\DSD\Practicas\Top BCD to 7Seg\dec_7_seg.vhd":6:7:6:9|Synthesizing work.seg.dec.
Post processing for work.seg.dec
Running optimization stage 1 on seg .......
@N: CD630 :"D:\Semestre 2-2020\DSD\Practicas\Top BCD to 7Seg\mux11_3.vhd":7:7:7:17|Synthesizing work.multiplexor.mux.
Post processing for work.multiplexor.mux
Running optimization stage 1 on multiplexor .......
@N: CD630 :"D:\Semestre 2-2020\DSD\Practicas\Top BCD to 7Seg\bin_bcd.vhd":5:7:5:10|Synthesizing work.conv.bin_bcd.
Post processing for work.conv.bin_bcd
Running optimization stage 1 on conv .......
@N: CD630 :"D:\Semestre 2-2020\DSD\Ejercicios\Oscilador\oscilador_ejemplo.vhd":8:7:8:11|Synthesizing work.osc00.osc0.
@W: CD276 :"C:\lscc\diamond\3.11_x64\cae_library\synthesis\vhdl\machxo2.vhd":2297:8:2297:15|Map for port sedstdby of component osch not found
@N: CD630 :"C:\lscc\diamond\3.11_x64\cae_library\synthesis\vhdl\machxo2.vhd":2291:10:2291:13|Synthesizing work.osch.syn_black_box.
Post processing for work.osch.syn_black_box
Running optimization stage 1 on OSCH .......
Post processing for work.osc00.osc0
Running optimization stage 1 on osc00 .......
@N: CD630 :"D:\Semestre 2-2020\DSD\Practicas\Top BCD to 7Seg\clock_div_28.vhd":7:7:7:13|Synthesizing work.clk_div.divisor.
Post processing for work.clk_div.divisor
Running optimization stage 1 on clk_div .......
Post processing for work.top_bcd.seg
Running optimization stage 1 on top_bcd .......
Running optimization stage 2 on clk_div .......
Running optimization stage 2 on OSCH .......
Running optimization stage 2 on osc00 .......
Running optimization stage 2 on conv .......
Running optimization stage 2 on multiplexor .......
Running optimization stage 2 on seg .......
Running optimization stage 2 on deco .......
Running optimization stage 2 on top_bcd .......

For a summary of runtime and memory usage per design unit, please see file:
==========================================================
@L: D:\Semestre 2-2020\DSD\Practicas\Top BCD to 7Seg\impl1\synwork\layer0.rt.csv


At c_vhdl Exit (Real Time elapsed 0h:00m:01s; CPU Time elapsed 0h:00m:00s; Memory used current: 74MB peak: 75MB)

Process took 0h:00m:01s realtime, 0h:00m:01s cputime

Process completed successfully.
# Fri Nov 13 14:06:47 2020

###########################################################]

Copyright (C) 1994-2018 Synopsys, Inc.
This Synopsys software and all associated documentation are proprietary to Synopsys, Inc.
and may only be used pursuant to the terms and conditions of a written license agreement
with Synopsys, Inc. All other use, reproduction, modification, or distribution of the
Synopsys software or the associated documentation is strictly prohibited.
Tool: Synplify Pro (R)
Build: N-2018.03L-SP1-1
Install: C:\lscc\diamond\3.11_x64\synpbase
OS: Windows 6.2

Hostname: DESKTOP-VE269NP

Implementation : impl1
Synopsys Synopsys Netlist Linker, Version comp2018q2p1, Build 461R, Built Apr  1 2019 09:17:43

@N|Running in 64-bit mode
File D:\Semestre 2-2020\DSD\Ejercicios\Top BCD to 7Seg\impl1\synwork\layer0.srs changed - recompiling

At syn_nfilter Exit (Real Time elapsed 0h:00m:01s; CPU Time elapsed 0h:00m:00s; Memory used current: 67MB peak: 68MB)

Process took 0h:00m:01s realtime, 0h:00m:01s cputime

Process completed successfully.
# Fri Nov 13 14:06:49 2020

###########################################################]

For a summary of runtime and memory usage for all design units, please see file:
==========================================================
@L: D:\Semestre 2-2020\DSD\Practicas\Top BCD to 7Seg\impl1\synwork\top_bcd_7_seg_impl1_comp.rt.csv

@END

At c_hdl Exit (Real Time elapsed 0h:00m:03s; CPU Time elapsed 0h:00m:00s; Memory used current: 3MB peak: 4MB)

Process took 0h:00m:03s realtime, 0h:00m:01s cputime

Process completed successfully.
# Fri Nov 13 14:06:50 2020

###########################################################]

Copyright (C) 1994-2018 Synopsys, Inc.
This Synopsys software and all associated documentation are proprietary to Synopsys, Inc.
and may only be used pursuant to the terms and conditions of a written license agreement
with Synopsys, Inc. All other use, reproduction, modification, or distribution of the
Synopsys software or the associated documentation is strictly prohibited.
Tool: Synplify Pro (R)
Build: N-2018.03L-SP1-1
Install: C:\lscc\diamond\3.11_x64\synpbase
OS: Windows 6.2

Hostname: DESKTOP-VE269NP

Database state : D:\Semestre 2-2020\DSD\Practicas\Top BCD to 7Seg\impl1\synwork\|impl1
Synopsys Synopsys Netlist Linker, Version comp2018q2p1, Build 461R, Built Apr  1 2019 09:17:43

@N|Running in 64-bit mode
File D:\Semestre 2-2020\DSD\Ejercicios\Top BCD to 7Seg\impl1\synwork\top_bcd_7_seg_impl1_comp.srs changed - recompiling

At syn_nfilter Exit (Real Time elapsed 0h:00m:00s; CPU Time elapsed 0h:00m:00s; Memory used current: 67MB peak: 68MB)

Process took 0h:00m:01s realtime, 0h:00m:01s cputime

Process completed successfully.
# Fri Nov 13 14:06:51 2020

###########################################################]
Premap Report

# Fri Nov 13 14:06:53 2020


Copyright (C) 1994-2018 Synopsys, Inc.
This Synopsys software and all associated documentation are proprietary to Synopsys, Inc.
and may only be used pursuant to the terms and conditions of a written license agreement
with Synopsys, Inc. All other use, reproduction, modification, or distribution of the
Synopsys software or the associated documentation is strictly prohibited.
Tool: Synplify Pro (R)
Build: N-2018.03L-SP1-1
Install: C:\lscc\diamond\3.11_x64\synpbase
OS: Windows 6.2

Hostname: DESKTOP-VE269NP

Implementation : impl1
Synopsys Lattice Technology Pre-mapping, Version maplat2018q2p1, Build 055R, Built Apr  3 2019 09:51:54


Mapper Startup Complete (Real Time elapsed 0h:00m:00s; CPU Time elapsed 0h:00m:00s; Memory used current: 99MB peak: 100MB)

@A: MF827 |No constraint file specified.
@N: MF284 |Setting synthesis effort to medium for the design
@L: D:\Semestre 2-2020\DSD\Practicas\Top BCD to 7Seg\impl1\top_bcd_7_seg_impl1_scck.rpt 
Printing clock  summary report in "D:\Semestre 2-2020\DSD\Practicas\Top BCD to 7Seg\impl1\top_bcd_7_seg_impl1_scck.rpt" file 
@N: MF916 |Option synthesis_strategy=base is enabled. 
@N: MF248 |Running in 64-bit mode.
@N: MF666 |Clock conversion enabled. (Command "set_option -fix_gated_and_generated_clocks 1" in the project file.)

Design Input Complete (Real Time elapsed 0h:00m:00s; CPU Time elapsed 0h:00m:00s; Memory used current: 100MB peak: 102MB)


Mapper Initialization Complete (Real Time elapsed 0h:00m:01s; CPU Time elapsed 0h:00m:00s; Memory used current: 100MB peak: 102MB)


Start loading timing files (Real Time elapsed 0h:00m:01s; CPU Time elapsed 0h:00m:00s; Memory used current: 112MB peak: 113MB)


Finished loading timing files (Real Time elapsed 0h:00m:01s; CPU Time elapsed 0h:00m:00s; Memory used current: 112MB peak: 115MB)

@N: MF284 |Setting synthesis effort to medium for the design
@N: MH105 |UMR3 is only supported for HAPS-80.
@N: MH105 |UMR3 is only supported for HAPS-80.
syn_allowed_resources : blockrams=26  set on top level netlist top_bcd

Finished netlist restructuring (Real Time elapsed 0h:00m:02s; CPU Time elapsed 0h:00m:00s; Memory used current: 140MB peak: 142MB)



Clock Summary
******************

          Start                             Requested     Requested     Clock        Clock                   Clock
Level     Clock                             Frequency     Period        Type         Group                   Load 
------------------------------------------------------------------------------------------------------------------
0 -       osc00|osc_int0_inferred_clock     2.1 MHz       480.769       inferred     Inferred_clkgroup_0     29   
==================================================================================================================



Clock Load Summary
***********************

                                  Clock     Source                      Clock Pin             Non-clock Pin     Non-clock Pin
Clock                             Load      Pin                         Seq Example           Seq Example       Comb Example 
-----------------------------------------------------------------------------------------------------------------------------
osc00|osc_int0_inferred_clock     29        cto2.OSCInst0.OSC(OSCH)     cto1.Qaux[28:0].C     -                 -            
=============================================================================================================================

@W: MT529 :"d:\semestre 2-2020\dsd\practicas\top bcd to 7seg\clock_div_28.vhd":24:4:24:5|Found inferred clock osc00|osc_int0_inferred_clock which controls 29 sequential elements including cto1.Qaux[28:0]. This clock has no specified timing constraint which may prevent conversion of gated or generated clocks and may adversely impact design performance. 

ICG Latch Removal Summary:
Number of ICG latches removed: 0
Number of ICG latches not removed:	0


@S |Clock Optimization Summary



#### START OF PREMAP CLOCK OPTIMIZATION REPORT #####[

0 non-gated/non-generated clock tree(s) driving 0 clock pin(s) of sequential element(s)
1 gated/generated clock tree(s) driving 29 clock pin(s) of sequential element(s)
0 instances converted, 29 sequential instances remain driven by gated/generated clocks

==================================================== Gated/Generated Clocks =====================================================
Clock Tree ID     Driving Element       Drive Element Type     Unconverted Fanout     Sample Instance     Explanation            
---------------------------------------------------------------------------------------------------------------------------------
@KP:ckid0_0       cto2.OSCInst0.OSC     OSCH                   29                     cto1.Qaux[28:0]     Black box on clock path
=================================================================================================================================


##### END OF CLOCK OPTIMIZATION REPORT ######

@N: FX1143 |Skipping assigning INTERNAL_VREF to iobanks, because the table of mapping from pin to iobank is not initialized.
Finished Pre Mapping Phase.

Starting constraint checker (Real Time elapsed 0h:00m:03s; CPU Time elapsed 0h:00m:00s; Memory used current: 140MB peak: 142MB)


Finished constraint checker preprocessing (Real Time elapsed 0h:00m:03s; CPU Time elapsed 0h:00m:00s; Memory used current: 140MB peak: 142MB)

None
None

Finished constraint checker (Real Time elapsed 0h:00m:03s; CPU Time elapsed 0h:00m:00s; Memory used current: 140MB peak: 142MB)

Pre-mapping successful!

At Mapper Exit (Real Time elapsed 0h:00m:03s; CPU Time elapsed 0h:00m:00s; Memory used current: 56MB peak: 142MB)

Process took 0h:00m:03s realtime, 0h:00m:01s cputime
# Fri Nov 13 14:06:57 2020

###########################################################]
Map & Optimize Report

# Fri Nov 13 14:06:57 2020


Copyright (C) 1994-2018 Synopsys, Inc.
This Synopsys software and all associated documentation are proprietary to Synopsys, Inc.
and may only be used pursuant to the terms and conditions of a written license agreement
with Synopsys, Inc. All other use, reproduction, modification, or distribution of the
Synopsys software or the associated documentation is strictly prohibited.
Tool: Synplify Pro (R)
Build: N-2018.03L-SP1-1
Install: C:\lscc\diamond\3.11_x64\synpbase
OS: Windows 6.2

Hostname: DESKTOP-VE269NP

Implementation : impl1
Synopsys Lattice Technology Mapper, Version maplat2018q2p1, Build 055R, Built Apr  3 2019 09:51:54


Mapper Startup Complete (Real Time elapsed 0h:00m:00s; CPU Time elapsed 0h:00m:00s; Memory used current: 99MB peak: 99MB)

@N: MF284 |Setting synthesis effort to medium for the design
@N: MF916 |Option synthesis_strategy=base is enabled. 
@N: MF248 |Running in 64-bit mode.
@N: MF666 |Clock conversion enabled. (Command "set_option -fix_gated_and_generated_clocks 1" in the project file.)

Design Input Complete (Real Time elapsed 0h:00m:00s; CPU Time elapsed 0h:00m:00s; Memory used current: 98MB peak: 100MB)


Mapper Initialization Complete (Real Time elapsed 0h:00m:00s; CPU Time elapsed 0h:00m:00s; Memory used current: 98MB peak: 100MB)


Start loading timing files (Real Time elapsed 0h:00m:00s; CPU Time elapsed 0h:00m:00s; Memory used current: 111MB peak: 111MB)


Finished loading timing files (Real Time elapsed 0h:00m:00s; CPU Time elapsed 0h:00m:00s; Memory used current: 111MB peak: 113MB)

@N: MF284 |Setting synthesis effort to medium for the design


Starting Optimization and Mapping (Real Time elapsed 0h:00m:00s; CPU Time elapsed 0h:00m:00s; Memory used current: 139MB peak: 141MB)


Available hyper_sources - for debug and ip models
	None Found

@W: FA239 :"d:\semestre 2-2020\dsd\practicas\top bcd to 7seg\dec_7_seg.vhd":17:2:17:5|ROM cto5.s_1[6:0] (in view: work.top_bcd(seg)) mapped in logic. To map to a technology ROM, apply attribute syn_romstyle on this instance.
@W: FA239 :"d:\semestre 2-2020\dsd\practicas\top bcd to 7seg\dec_7_seg.vhd":17:2:17:5|ROM cto5.s_1[6:0] (in view: work.top_bcd(seg)) mapped in logic. To map to a technology ROM, apply attribute syn_romstyle on this instance.
@N: MO106 :"d:\semestre 2-2020\dsd\practicas\top bcd to 7seg\dec_7_seg.vhd":17:2:17:5|Found ROM cto5.s_1[6:0] (in view: work.top_bcd(seg)) with 16 words by 7 bits.

Finished RTL optimizations (Real Time elapsed 0h:00m:00s; CPU Time elapsed 0h:00m:00s; Memory used current: 140MB peak: 141MB)

@N: MO231 :"d:\semestre 2-2020\dsd\practicas\top bcd to 7seg\clock_div_28.vhd":24:4:24:5|Found counter in view:work.top_bcd(seg) instance cto1.Qaux[28:0] 

Starting factoring (Real Time elapsed 0h:00m:01s; CPU Time elapsed 0h:00m:00s; Memory used current: 140MB peak: 141MB)


Finished factoring (Real Time elapsed 0h:00m:02s; CPU Time elapsed 0h:00m:01s; Memory used current: 155MB peak: 157MB)


Finished generic timing optimizations - Pass 1 (Real Time elapsed 0h:00m:02s; CPU Time elapsed 0h:00m:01s; Memory used current: 145MB peak: 157MB)


Starting Early Timing Optimization (Real Time elapsed 0h:00m:02s; CPU Time elapsed 0h:00m:01s; Memory used current: 145MB peak: 157MB)


Finished Early Timing Optimization (Real Time elapsed 0h:00m:02s; CPU Time elapsed 0h:00m:01s; Memory used current: 145MB peak: 157MB)


Finished generic timing optimizations - Pass 2 (Real Time elapsed 0h:00m:02s; CPU Time elapsed 0h:00m:01s; Memory used current: 145MB peak: 157MB)


Finished preparing to map (Real Time elapsed 0h:00m:02s; CPU Time elapsed 0h:00m:01s; Memory used current: 145MB peak: 157MB)


Finished technology mapping (Real Time elapsed 0h:00m:03s; CPU Time elapsed 0h:00m:02s; Memory used current: 151MB peak: 157MB)

Pass		 CPU time		Worst Slack		Luts / Registers
------------------------------------------------------------
   1		0h:00m:02s		   475.05ns		  67 /        29

Finished technology timing optimizations and critical path resynthesis (Real Time elapsed 0h:00m:03s; CPU Time elapsed 0h:00m:02s; Memory used current: 151MB peak: 157MB)

@N: FX164 |The option to pack registers in the IOB has not been specified. Please set syn_useioff attribute.  

Finished restoring hierarchy (Real Time elapsed 0h:00m:04s; CPU Time elapsed 0h:00m:02s; Memory used current: 151MB peak: 157MB)


Start Writing Netlists (Real Time elapsed 0h:00m:04s; CPU Time elapsed 0h:00m:02s; Memory used current: 117MB peak: 157MB)

Writing Analyst data base D:\Semestre 2-2020\DSD\Practicas\Top BCD to 7Seg\impl1\synwork\top_bcd_7_seg_impl1_m.srm

Finished Writing Netlist Databases (Real Time elapsed 0h:00m:04s; CPU Time elapsed 0h:00m:03s; Memory used current: 150MB peak: 157MB)

Writing EDIF Netlist and constraint files
@N: FX1056 |Writing EDF file: D:\Semestre 2-2020\DSD\Practicas\Top BCD to 7Seg\impl1\top_bcd_7_seg_impl1.edi
N-2018.03L-SP1-1
@N: BW106 |Synplicity Constraint File capacitance units using default value of 1pF 

Finished Writing EDIF Netlist and constraint files (Real Time elapsed 0h:00m:05s; CPU Time elapsed 0h:00m:03s; Memory used current: 155MB peak: 157MB)


Start final timing analysis (Real Time elapsed 0h:00m:05s; CPU Time elapsed 0h:00m:04s; Memory used current: 155MB peak: 157MB)

@W: MT420 |Found inferred clock osc00|osc_int0_inferred_clock with period 480.77ns. Please declare a user-defined clock on net cto2.osc_aux.


##### START OF TIMING REPORT #####[
# Timing Report written on Fri Nov 13 14:07:03 2020
#


Top view:               top_bcd
Requested Frequency:    2.1 MHz
Wire load mode:         top
Paths requested:        5
Constraint File(s):    
@N: MT320 |This timing report is an estimate of place and route data. For final timing results, use the FPGA vendor place and route report.

@N: MT322 |Clock constraints include only register-to-register paths associated with each individual clock.



Performance Summary
*******************


Worst slack in design: 474.478

                                  Requested     Estimated     Requested     Estimated                 Clock        Clock              
Starting Clock                    Frequency     Frequency     Period        Period        Slack       Type         Group              
--------------------------------------------------------------------------------------------------------------------------------------
osc00|osc_int0_inferred_clock     2.1 MHz       158.9 MHz     480.769       6.291         474.478     inferred     Inferred_clkgroup_0
======================================================================================================================================





Clock Relationships
*******************

Clocks                                                        |    rise  to  rise     |    fall  to  fall   |    rise  to  fall   |    fall  to  rise 
------------------------------------------------------------------------------------------------------------------------------------------------------
Starting                       Ending                         |  constraint  slack    |  constraint  slack  |  constraint  slack  |  constraint  slack
------------------------------------------------------------------------------------------------------------------------------------------------------
osc00|osc_int0_inferred_clock  osc00|osc_int0_inferred_clock  |  480.769     474.478  |  No paths    -      |  No paths    -      |  No paths    -    
======================================================================================================================================================
 Note: 'No paths' indicates there are no paths in the design for that pair of clock edges.
       'Diff grp' indicates that paths exist but the starting clock and ending clock are in different clock groups.



Interface Information 
*********************

No IO constraint found



====================================
Detailed Report for Clock: osc00|osc_int0_inferred_clock
====================================



Starting Points with Worst Slack
********************************

                 Starting                                                             Arrival            
Instance         Reference                         Type        Pin     Net            Time        Slack  
                 Clock                                                                                   
---------------------------------------------------------------------------------------------------------
cto1.Qaux[0]     osc00|osc_int0_inferred_clock     FD1S3DX     Q       sel_aux[0]     1.236       474.478
cto1.Qaux[1]     osc00|osc_int0_inferred_clock     FD1S3DX     Q       sel_aux[1]     1.236       474.621
cto1.Qaux[2]     osc00|osc_int0_inferred_clock     FD1S3DX     Q       Qaux[2]        0.972       474.885
cto1.Qaux[3]     osc00|osc_int0_inferred_clock     FD1S3DX     Q       Qaux[3]        0.972       475.027
cto1.Qaux[4]     osc00|osc_int0_inferred_clock     FD1S3DX     Q       Qaux[4]        0.972       475.027
cto1.Qaux[5]     osc00|osc_int0_inferred_clock     FD1S3DX     Q       Qaux[5]        0.972       475.170
cto1.Qaux[6]     osc00|osc_int0_inferred_clock     FD1S3DX     Q       Qaux[6]        0.972       475.170
cto1.Qaux[7]     osc00|osc_int0_inferred_clock     FD1S3DX     Q       Qaux[7]        0.972       475.313
cto1.Qaux[8]     osc00|osc_int0_inferred_clock     FD1S3DX     Q       Qaux[8]        0.972       475.313
cto1.Qaux[9]     osc00|osc_int0_inferred_clock     FD1S3DX     Q       Qaux[9]        0.972       475.456
=========================================================================================================


Ending Points with Worst Slack
******************************

                  Starting                                                             Required            
Instance          Reference                         Type        Pin     Net            Time         Slack  
                  Clock                                                                                    
-----------------------------------------------------------------------------------------------------------
cto1.Qaux[27]     osc00|osc_int0_inferred_clock     FD1S3DX     D       Qaux_s[27]     480.664      474.478
cto1.Qaux[28]     osc00|osc_int0_inferred_clock     FD1S3DX     D       Qaux_s[28]     480.664      474.478
cto1.Qaux[25]     osc00|osc_int0_inferred_clock     FD1S3DX     D       Qaux_s[25]     480.664      474.621
cto1.Qaux[26]     osc00|osc_int0_inferred_clock     FD1S3DX     D       Qaux_s[26]     480.664      474.621
cto1.Qaux[23]     osc00|osc_int0_inferred_clock     FD1S3DX     D       Qaux_s[23]     480.664      474.764
cto1.Qaux[24]     osc00|osc_int0_inferred_clock     FD1S3DX     D       Qaux_s[24]     480.664      474.764
cto1.Qaux[21]     osc00|osc_int0_inferred_clock     FD1S3DX     D       Qaux_s[21]     480.664      474.906
cto1.Qaux[22]     osc00|osc_int0_inferred_clock     FD1S3DX     D       Qaux_s[22]     480.664      474.906
cto1.Qaux[19]     osc00|osc_int0_inferred_clock     FD1S3DX     D       Qaux_s[19]     480.664      475.049
cto1.Qaux[20]     osc00|osc_int0_inferred_clock     FD1S3DX     D       Qaux_s[20]     480.664      475.049
===========================================================================================================



Worst Path Information
***********************


Path information for path number 1: 
      Requested Period:                      480.769
    - Setup time:                            0.106
    + Clock delay at ending point:           0.000 (ideal)
    = Required time:                         480.664

    - Propagation time:                      6.186
    - Clock delay at starting point:         0.000 (ideal)
    = Slack (critical) :                     474.478

    Number of logic level(s):                15
    Starting point:                          cto1.Qaux[0] / Q
    Ending point:                            cto1.Qaux[28] / D
    The start point is clocked by            osc00|osc_int0_inferred_clock [rising] on pin CK
    The end   point is clocked by            osc00|osc_int0_inferred_clock [rising] on pin CK

Instance / Net                      Pin      Pin               Arrival     No. of    
Name                    Type        Name     Dir     Delay     Time        Fan Out(s)
-------------------------------------------------------------------------------------
cto1.Qaux[0]            FD1S3DX     Q        Out     1.236     1.236       -         
sel_aux[0]              Net         -        -       -         -           11        
cto1.Qaux_cry_0[0]      CCU2D       A1       In      0.000     1.236       -         
cto1.Qaux_cry_0[0]      CCU2D       COUT     Out     1.544     2.780       -         
Qaux_cry[0]             Net         -        -       -         -           1         
cto1.Qaux_cry_0[1]      CCU2D       CIN      In      0.000     2.780       -         
cto1.Qaux_cry_0[1]      CCU2D       COUT     Out     0.143     2.923       -         
Qaux_cry[2]             Net         -        -       -         -           1         
cto1.Qaux_cry_0[3]      CCU2D       CIN      In      0.000     2.923       -         
cto1.Qaux_cry_0[3]      CCU2D       COUT     Out     0.143     3.066       -         
Qaux_cry[4]             Net         -        -       -         -           1         
cto1.Qaux_cry_0[5]      CCU2D       CIN      In      0.000     3.066       -         
cto1.Qaux_cry_0[5]      CCU2D       COUT     Out     0.143     3.209       -         
Qaux_cry[6]             Net         -        -       -         -           1         
cto1.Qaux_cry_0[7]      CCU2D       CIN      In      0.000     3.209       -         
cto1.Qaux_cry_0[7]      CCU2D       COUT     Out     0.143     3.352       -         
Qaux_cry[8]             Net         -        -       -         -           1         
cto1.Qaux_cry_0[9]      CCU2D       CIN      In      0.000     3.352       -         
cto1.Qaux_cry_0[9]      CCU2D       COUT     Out     0.143     3.494       -         
Qaux_cry[10]            Net         -        -       -         -           1         
cto1.Qaux_cry_0[11]     CCU2D       CIN      In      0.000     3.494       -         
cto1.Qaux_cry_0[11]     CCU2D       COUT     Out     0.143     3.637       -         
Qaux_cry[12]            Net         -        -       -         -           1         
cto1.Qaux_cry_0[13]     CCU2D       CIN      In      0.000     3.637       -         
cto1.Qaux_cry_0[13]     CCU2D       COUT     Out     0.143     3.780       -         
Qaux_cry[14]            Net         -        -       -         -           1         
cto1.Qaux_cry_0[15]     CCU2D       CIN      In      0.000     3.780       -         
cto1.Qaux_cry_0[15]     CCU2D       COUT     Out     0.143     3.923       -         
Qaux_cry[16]            Net         -        -       -         -           1         
cto1.Qaux_cry_0[17]     CCU2D       CIN      In      0.000     3.923       -         
cto1.Qaux_cry_0[17]     CCU2D       COUT     Out     0.143     4.066       -         
Qaux_cry[18]            Net         -        -       -         -           1         
cto1.Qaux_cry_0[19]     CCU2D       CIN      In      0.000     4.066       -         
cto1.Qaux_cry_0[19]     CCU2D       COUT     Out     0.143     4.208       -         
Qaux_cry[20]            Net         -        -       -         -           1         
cto1.Qaux_cry_0[21]     CCU2D       CIN      In      0.000     4.208       -         
cto1.Qaux_cry_0[21]     CCU2D       COUT     Out     0.143     4.351       -         
Qaux_cry[22]            Net         -        -       -         -           1         
cto1.Qaux_cry_0[23]     CCU2D       CIN      In      0.000     4.351       -         
cto1.Qaux_cry_0[23]     CCU2D       COUT     Out     0.143     4.494       -         
Qaux_cry[24]            Net         -        -       -         -           1         
cto1.Qaux_cry_0[25]     CCU2D       CIN      In      0.000     4.494       -         
cto1.Qaux_cry_0[25]     CCU2D       COUT     Out     0.143     4.637       -         
Qaux_cry[26]            Net         -        -       -         -           1         
cto1.Qaux_cry_0[27]     CCU2D       CIN      In      0.000     4.637       -         
cto1.Qaux_cry_0[27]     CCU2D       S1       Out     1.549     6.186       -         
Qaux_s[28]              Net         -        -       -         -           1         
cto1.Qaux[28]           FD1S3DX     D        In      0.000     6.186       -         
=====================================================================================



##### END OF TIMING REPORT #####]

Timing exceptions that could not be applied
None

Finished final timing analysis (Real Time elapsed 0h:00m:06s; CPU Time elapsed 0h:00m:04s; Memory used current: 155MB peak: 157MB)


Finished timing report (Real Time elapsed 0h:00m:06s; CPU Time elapsed 0h:00m:04s; Memory used current: 155MB peak: 157MB)

---------------------------------------
Resource Usage Report
Part: lcmxo2_7000he-4

Register bits: 29 of 6864 (0%)
PIC Latch:       0
I/O cells:       12


Details:
CCU2D:          15
FD1S3DX:        29
GSR:            1
IB:             1
OB:             11
ORCALUT4:       65
OSCH:           1
PFUMX:          1
PUR:            1
VHI:            2
VLO:            6
false:          1
true:           5
Mapper successful!

At Mapper Exit (Real Time elapsed 0h:00m:06s; CPU Time elapsed 0h:00m:04s; Memory used current: 31MB peak: 157MB)

Process took 0h:00m:06s realtime, 0h:00m:04s cputime
# Fri Nov 13 14:07:04 2020

###########################################################]


Synthesis exit by 0.

edif2ngd  -l "MachXO2" -d LCMXO2-7000HE -path "D:/Semestre 2-2020/DSD/Practicas/Top BCD to 7Seg/impl1" -path "D:/Semestre 2-2020/DSD/Practicas/Top BCD to 7Seg"   "D:/Semestre 2-2020/DSD/Practicas/Top BCD to 7Seg/impl1/top_bcd_7_seg_impl1.edi" "top_bcd_7_seg_impl1.ngo"   
edif2ngd:  version Diamond (64-bit) 3.11.3.469

Copyright (c) 1991-1994 by NeoCAD Inc. All rights reserved.
Copyright (c) 1995 AT&T Corp.   All rights reserved.
Copyright (c) 1995-2001 Lucent Technologies Inc.  All rights reserved.
Copyright (c) 2001 Agere Systems   All rights reserved.
Copyright (c) 2002-2020 Lattice Semiconductor Corporation,  All rights reserved.
Writing the design to top_bcd_7_seg_impl1.ngo...

Total CPU Time: 0 secs  
Total REAL Time: 0 secs  
Peak Memory Usage: 10 MB


ngdbuild  -a "MachXO2" -d LCMXO2-7000HE  -p "C:/lscc/diamond/3.11_x64/ispfpga/xo2c00/data"  -p "D:/Semestre 2-2020/DSD/Practicas/Top BCD to 7Seg/impl1" -p "D:/Semestre 2-2020/DSD/Practicas/Top BCD to 7Seg"  "top_bcd_7_seg_impl1.ngo" "top_bcd_7_seg_impl1.ngd"  	
ngdbuild:  version Diamond (64-bit) 3.11.3.469

Copyright (c) 1991-1994 by NeoCAD Inc. All rights reserved.
Copyright (c) 1995 AT&T Corp.   All rights reserved.
Copyright (c) 1995-2001 Lucent Technologies Inc.  All rights reserved.
Copyright (c) 2001 Agere Systems   All rights reserved.
Copyright (c) 2002-2020 Lattice Semiconductor Corporation,  All rights reserved.
Reading 'top_bcd_7_seg_impl1.ngo' ...
Loading NGL library 'C:/lscc/diamond/3.11_x64/ispfpga/xo2c00a/data/xo2alib.ngl'...
Loading NGL library 'C:/lscc/diamond/3.11_x64/ispfpga/xo2c00/data/xo2clib.ngl'...
Loading NGL library 'C:/lscc/diamond/3.11_x64/ispfpga/mg5g00/data/mg5glib.ngl'...
Loading NGL library 'C:/lscc/diamond/3.11_x64/ispfpga/or5g00/data/orc5glib.ngl'...


Running DRC...

    <postMsg mid="1166052" type="Warning" dynamic="2" navigation="1" arg0="logical" arg1="cto2/OSCInst0_SEDSTDBY" arg2="cto2/OSCInst0_SEDSTDBY"  />
    <postMsg mid="1163101" type="Warning" dynamic="1" navigation="0" arg0="1"  />

Design Results:
    132 blocks expanded
Complete the first expansion.
Writing 'top_bcd_7_seg_impl1.ngd' ...
Total CPU Time: 0 secs 
Total REAL Time: 0 secs 
Peak Memory Usage: 17 MB


map -a "MachXO2" -p LCMXO2-7000HE -t TQFP144 -s 4 -oc Industrial   "top_bcd_7_seg_impl1.ngd" -o "top_bcd_7_seg_impl1_map.ncd" -pr "top_bcd_7_seg_impl1.prf" -mp "top_bcd_7_seg_impl1.mrp" -lpf "D:/Semestre 2-2020/DSD/Practicas/Top BCD to 7Seg/impl1/top_bcd_7_seg_impl1_synplify.lpf" -lpf "D:/Semestre 2-2020/DSD/Practicas/Top BCD to 7Seg/top_bcd_7_seg.lpf" -c 0           
map:  version Diamond (64-bit) 3.11.3.469

Copyright (c) 1991-1994 by NeoCAD Inc. All rights reserved.
Copyright (c) 1995 AT&T Corp.   All rights reserved.
Copyright (c) 1995-2001 Lucent Technologies Inc.  All rights reserved.
Copyright (c) 2001 Agere Systems   All rights reserved.
Copyright (c) 2002-2020 Lattice Semiconductor Corporation,  All rights reserved.
   Process the file: top_bcd_7_seg_impl1.ngd
   Picdevice="LCMXO2-7000HE"

   Pictype="TQFP144"

   Picspeed=4

   Remove unused logic

   Do not produce over sized NCDs.

Part used: LCMXO2-7000HETQFP144, Performance used: 4.

Loading device for application map from file 'xo2c7000.nph' in environment: C:/lscc/diamond/3.11_x64/ispfpga.
Package Status:                     Final          Version 1.39.

Running general design DRC...

Removing unused logic...

Optimizing...

1 CCU2 constant inputs absorbed.

    <postMsg mid="51001030" type="Warning" dynamic="1" navigation="0" arg0="cto1/un1_clr_1_0"  />



Design Summary:
   Number of registers:     29 out of  7209 (0%)
      PFU registers:           29 out of  6864 (0%)
      PIO registers:            0 out of   345 (0%)
   Number of SLICEs:        48 out of  3432 (1%)
      SLICEs as Logic/ROM:     48 out of  3432 (1%)
      SLICEs as RAM:            0 out of  2574 (0%)
      SLICEs as Carry:         15 out of  3432 (0%)
   Number of LUT4s:         95 out of  6864 (1%)
      Number used as logic LUTs:         65
      Number used as distributed RAM:     0
      Number used as ripple logic:       30
      Number used as shift registers:     0
   Number of PIO sites used: 12 + 4(JTAG) out of 115 (14%)
   Number of block RAMs:  0 out of 26 (0%)
   Number of GSRs:        1 out of 1 (100%)
   EFB used :        No
   JTAG used :       No
   Readback used :   No
   Oscillator used : Yes
   Startup used :    No
   POR :             On
   Bandgap :         On
   Number of Power Controller:  0 out of 1 (0%)
   Number of Dynamic Bank Controller (BCINRD):  0 out of 6 (0%)
   Number of Dynamic Bank Controller (BCLVDSO):  0 out of 1 (0%)
   Number of DCCA:  0 out of 8 (0%)
   Number of DCMA:  0 out of 2 (0%)
   Number of PLLs:  0 out of 2 (0%)
   Number of DQSDLLs:  0 out of 2 (0%)
   Number of CLKDIVC:  0 out of 4 (0%)
   Number of ECLKSYNCA:  0 out of 4 (0%)
   Number of ECLKBRIDGECS:  0 out of 2 (0%)
   Notes:-
      1. Total number of LUT4s = (Number of logic LUT4s) + 2*(Number of distributed RAMs) + 2*(Number of ripple logic)
      2. Number of logic LUT4s does not include count of distributed RAM and ripple logic.
   Number of clocks:  1
     Net osc_aux: 15 loads, 15 rising, 0 falling (Driver: cto2/OSCInst0 )
   Number of Clock Enables:  0
   Number of local set/reset loads for net cto1/un1_clr_1_0 merged into GSR:  29
   Number of LSRs:  0
   Number of nets driven by tri-state buffers:  0
   Top 10 highest fanout non-clock nets:
     Net sel_aux[0]: 11 loads
     Net sel_aux[1]: 11 loads
     Net con_aux[9]: 9 loads
     Net con_aux[3]: 8 loads
     Net con_aux[2]: 7 loads
     Net con_aux[8]: 7 loads
     Net cto3.N_23: 7 loads
     Net dig_aux[0]: 7 loads
     Net dig_aux[1]: 7 loads
     Net dig_aux[2]: 7 loads
 

   Number of warnings:  1
   Number of errors:    0



Total CPU Time: 0 secs  
Total REAL Time: 4 secs  
Peak Memory Usage: 58 MB

Dumping design to file top_bcd_7_seg_impl1_map.ncd.

mpartrce -p "top_bcd_7_seg_impl1.p2t" -f "top_bcd_7_seg_impl1.p3t" -tf "top_bcd_7_seg_impl1.pt" "top_bcd_7_seg_impl1_map.ncd" "top_bcd_7_seg_impl1.ncd"

---- MParTrce Tool ----
Removing old design directory at request of -rem command line option to this program.
Running par. Please wait . . .

Lattice Place and Route Report for Design "top_bcd_7_seg_impl1_map.ncd"
Fri Nov 13 14:07:14 2020

PAR: Place And Route Diamond (64-bit) 3.11.3.469.
Command Line: par -w -l 5 -i 6 -t 1 -c 0 -e 0 -gui -msgset "D:/Semestre 2-2020/DSD/Practicas/Top BCD to 7Seg/promote.xml" -exp parUseNBR=1:parCDP=0:parCDR=0:parPathBased=OFF top_bcd_7_seg_impl1_map.ncd top_bcd_7_seg_impl1.dir/5_1.ncd top_bcd_7_seg_impl1.prf
Preference file: top_bcd_7_seg_impl1.prf.
Placement level-cost: 5-1.
Routing Iterations: 6

Loading design for application par from file top_bcd_7_seg_impl1_map.ncd.
Design name: top_bcd
NCD version: 3.3
Vendor:      LATTICE
Device:      LCMXO2-7000HE
Package:     TQFP144
Performance: 4
Loading device for application par from file 'xo2c7000.nph' in environment: C:/lscc/diamond/3.11_x64/ispfpga.
Package Status:                     Final          Version 1.39.
Performance Hardware Data Status:   Final          Version 34.4.
License checked out.


Ignore Preference Error(s):  True
Device utilization summary:

   PIO (prelim)   12+4(JTAG)/336     5% used
                  12+4(JTAG)/115     14% bonded

   SLICE             48/3432          1% used

   GSR                1/1           100% used
   OSC                1/1           100% used


Number of Signals: 138
Number of Connections: 339

Pin Constraint Summary:
   12 out of 12 pins locked (100% locked).

The following 1 signal is selected to use the primary clock routing resources:
    osc_aux (driver: cto2/OSCInst0, clk load #: 15)


No signal is selected as secondary clock.

Signal cto1/un1_clr_1_0 is selected as Global Set/Reset.
Starting Placer Phase 0.

Finished Placer Phase 0.  REAL time: 4 secs 

Starting Placer Phase 1.
................
Placer score = 14569.
Finished Placer Phase 1.  REAL time: 12 secs 

Starting Placer Phase 2.
.
Placer score =  13717
Finished Placer Phase 2.  REAL time: 13 secs 


------------------ Clock Report ------------------

Global Clock Resources:
  CLK_PIN    : 0 out of 8 (0%)
  PLL        : 0 out of 2 (0%)
  DCM        : 0 out of 2 (0%)
  DCC        : 0 out of 8 (0%)

Global Clocks:
  PRIMARY "osc_aux" from OSC on comp "cto2/OSCInst0" on site "OSC", clk load = 15

  PRIMARY  : 1 out of 8 (12%)
  SECONDARY: 0 out of 8 (0%)

Edge Clocks:
  No edge clock selected.

--------------- End of Clock Report ---------------


I/O Usage Summary (final):
   12 + 4(JTAG) out of 336 (4.8%) PIO sites used.
   12 + 4(JTAG) out of 115 (13.9%) bonded PIO sites used.
   Number of PIO comps: 12; differential: 0.
   Number of Vref pins used: 0.

I/O Bank Usage Summary:
+----------+----------------+------------+-----------+
| I/O Bank | Usage          | Bank Vccio | Bank Vref |
+----------+----------------+------------+-----------+
| 0        | 12 / 28 ( 42%) | 2.5V       | -         |
| 1        | 0 / 29 (  0%)  | -          | -         |
| 2        | 0 / 29 (  0%)  | -          | -         |
| 3        | 0 / 9 (  0%)   | -          | -         |
| 4        | 0 / 10 (  0%)  | -          | -         |
| 5        | 0 / 10 (  0%)  | -          | -         |
+----------+----------------+------------+-----------+

Total placer CPU time: 9 secs 

Dumping design to file top_bcd_7_seg_impl1.dir/5_1.ncd.

0 connections routed; 339 unrouted.
Starting router resource preassignment

Completed router resource preassignment. Real time: 16 secs 

Start NBR router at 14:07:30 11/13/20

*****************************************************************
Info: NBR allows conflicts(one node used by more than one signal)
      in the earlier iterations. In each iteration, it tries to  
      solve the conflicts while keeping the critical connections 
      routed as short as possible. The routing process is said to
      be completed when no conflicts exist and all connections   
      are routed.                                                
Note: NBR uses a different method to calculate timing slacks. The
      worst slack and total negative slack may not be the same as
      that in TRCE report. You should always run TRCE to verify  
      your design.                                               
*****************************************************************

Start NBR special constraint process at 14:07:30 11/13/20

Start NBR section for initial routing at 14:07:30 11/13/20
Level 4, iteration 1
8(0.00%) conflicts; 0(0.00%) untouched conn; 0 (nbr) score; 
Estimated worst slack/total negative slack<setup>: 475.836ns/0.000ns; real time: 17 secs 

Info: Initial congestion level at 75% usage is 0
Info: Initial congestion area  at 75% usage is 0 (0.00%)

Start NBR section for normal routing at 14:07:31 11/13/20
Level 4, iteration 1
5(0.00%) conflicts; 0(0.00%) untouched conn; 0 (nbr) score; 
Estimated worst slack/total negative slack<setup>: 475.836ns/0.000ns; real time: 17 secs 
Level 4, iteration 2
2(0.00%) conflicts; 0(0.00%) untouched conn; 0 (nbr) score; 
Estimated worst slack/total negative slack<setup>: 475.836ns/0.000ns; real time: 17 secs 
Level 4, iteration 3
0(0.00%) conflict; 0(0.00%) untouched conn; 0 (nbr) score; 
Estimated worst slack/total negative slack<setup>: 475.836ns/0.000ns; real time: 17 secs 

Start NBR section for setup/hold timing optimization with effort level 3 at 14:07:31 11/13/20

Start NBR section for re-routing at 14:07:31 11/13/20
Level 4, iteration 1
0(0.00%) conflict; 0(0.00%) untouched conn; 0 (nbr) score; 
Estimated worst slack/total negative slack<setup>: 475.836ns/0.000ns; real time: 17 secs 

Start NBR section for post-routing at 14:07:31 11/13/20

End NBR router with 0 unrouted connection

NBR Summary
-----------
  Number of unrouted connections : 0 (0.00%)
  Number of connections with timing violations : 0 (0.00%)
  Estimated worst slack<setup> : 475.836ns
  Timing score<setup> : 0
-----------
Notes: The timing info is calculated for SETUP only and all PAR_ADJs are ignored.



Total CPU time 12 secs 
Total REAL time: 18 secs 
Completely routed.
End of route.  339 routed (100.00%); 0 unrouted.

Hold time timing score: 0, hold timing errors: 0

Timing score: 0 

Dumping design to file top_bcd_7_seg_impl1.dir/5_1.ncd.


PAR_SUMMARY::Run status = Completed
PAR_SUMMARY::Number of unrouted conns = 0
PAR_SUMMARY::Worst  slack<setup/<ns>> = 475.836
PAR_SUMMARY::Timing score<setup/<ns>> = 0.000
PAR_SUMMARY::Worst  slack<hold /<ns>> = 0.370
PAR_SUMMARY::Timing score<hold /<ns>> = 0.000
PAR_SUMMARY::Number of errors = 0

Total CPU  time to completion: 13 secs 
Total REAL time to completion: 18 secs 

par done!

Note: user must run 'Trace' for timing closure signoff.

Copyright (c) 1991-1994 by NeoCAD Inc. All rights reserved.
Copyright (c) 1995 AT&T Corp.   All rights reserved.
Copyright (c) 1995-2001 Lucent Technologies Inc.  All rights reserved.
Copyright (c) 2001 Agere Systems   All rights reserved.
Copyright (c) 2002-2020 Lattice Semiconductor Corporation,  All rights reserved.
Exiting par with exit code 0
Exiting mpartrce with exit code 0

trce -f "top_bcd_7_seg_impl1.pt" -o "top_bcd_7_seg_impl1.twr" "top_bcd_7_seg_impl1.ncd" "top_bcd_7_seg_impl1.prf"
trce:  version Diamond (64-bit) 3.11.3.469

Copyright (c) 1991-1994 by NeoCAD Inc. All rights reserved.
Copyright (c) 1995 AT&T Corp.   All rights reserved.
Copyright (c) 1995-2001 Lucent Technologies Inc.  All rights reserved.
Copyright (c) 2001 Agere Systems   All rights reserved.
Copyright (c) 2002-2020 Lattice Semiconductor Corporation,  All rights reserved.

Loading design for application trce from file top_bcd_7_seg_impl1.ncd.
Design name: top_bcd
NCD version: 3.3
Vendor:      LATTICE
Device:      LCMXO2-7000HE
Package:     TQFP144
Performance: 4
Loading device for application trce from file 'xo2c7000.nph' in environment: C:/lscc/diamond/3.11_x64/ispfpga.
Package Status:                     Final          Version 1.39.
Performance Hardware Data Status:   Final          Version 34.4.
Setup and Hold Report

--------------------------------------------------------------------------------
Lattice TRACE Report - Setup, Version Diamond (64-bit) 3.11.3.469
Fri Nov 13 14:07:33 2020

Copyright (c) 1991-1994 by NeoCAD Inc. All rights reserved.
Copyright (c) 1995 AT&T Corp.   All rights reserved.
Copyright (c) 1995-2001 Lucent Technologies Inc.  All rights reserved.
Copyright (c) 2001 Agere Systems   All rights reserved.
Copyright (c) 2002-2020 Lattice Semiconductor Corporation,  All rights reserved.

Report Information
------------------
Command line:    trce -v 10 -gt -sethld -sp 4 -sphld m -o top_bcd_7_seg_impl1.twr -gui -msgset D:/Semestre 2-2020/DSD/Practicas/Top BCD to 7Seg/promote.xml top_bcd_7_seg_impl1.ncd top_bcd_7_seg_impl1.prf 
Design file:     top_bcd_7_seg_impl1.ncd
Preference file: top_bcd_7_seg_impl1.prf
Device,speed:    LCMXO2-7000HE,4
Report level:    verbose report, limited to 10 items per preference
--------------------------------------------------------------------------------

BLOCK ASYNCPATHS
BLOCK RESETPATHS
--------------------------------------------------------------------------------



Timing summary (Setup):
---------------

Timing errors: 0  Score: 0
Cumulative negative slack: 0

Constraints cover 435 paths, 1 nets, and 339 connections (100.00% coverage)

--------------------------------------------------------------------------------
Lattice TRACE Report - Hold, Version Diamond (64-bit) 3.11.3.469
Fri Nov 13 14:07:33 2020

Copyright (c) 1991-1994 by NeoCAD Inc. All rights reserved.
Copyright (c) 1995 AT&T Corp.   All rights reserved.
Copyright (c) 1995-2001 Lucent Technologies Inc.  All rights reserved.
Copyright (c) 2001 Agere Systems   All rights reserved.
Copyright (c) 2002-2020 Lattice Semiconductor Corporation,  All rights reserved.

Report Information
------------------
Command line:    trce -v 10 -gt -sethld -sp 4 -sphld m -o top_bcd_7_seg_impl1.twr -gui -msgset D:/Semestre 2-2020/DSD/Practicas/Top BCD to 7Seg/promote.xml top_bcd_7_seg_impl1.ncd top_bcd_7_seg_impl1.prf 
Design file:     top_bcd_7_seg_impl1.ncd
Preference file: top_bcd_7_seg_impl1.prf
Device,speed:    LCMXO2-7000HE,m
Report level:    verbose report, limited to 10 items per preference
--------------------------------------------------------------------------------

BLOCK ASYNCPATHS
BLOCK RESETPATHS
--------------------------------------------------------------------------------



Timing summary (Hold):
---------------

Timing errors: 0  Score: 0
Cumulative negative slack: 0

Constraints cover 435 paths, 1 nets, and 339 connections (100.00% coverage)



Timing summary (Setup and Hold):
---------------

Timing errors: 0 (setup), 0 (hold)
Score: 0 (setup), 0 (hold)
Cumulative negative slack: 0 (0+0)
--------------------------------------------------------------------------------

--------------------------------------------------------------------------------

Total CPU Time: 1 secs 
Total REAL Time: 2 secs 
Peak Memory Usage: 66 MB


tmcheck -par "top_bcd_7_seg_impl1.par" 

bitgen -f "top_bcd_7_seg_impl1.t2b" -w "top_bcd_7_seg_impl1.ncd"  -jedec "top_bcd_7_seg_impl1.prf"


BITGEN: Bitstream Generator Diamond (64-bit) 3.11.3.469
Copyright (c) 1991-1994 by NeoCAD Inc. All rights reserved.
Copyright (c) 1995 AT&T Corp.   All rights reserved.
Copyright (c) 1995-2001 Lucent Technologies Inc.  All rights reserved.
Copyright (c) 2001 Agere Systems   All rights reserved.
Copyright (c) 2002-2020 Lattice Semiconductor Corporation,  All rights reserved.


Loading design for application Bitgen from file top_bcd_7_seg_impl1.ncd.
Design name: top_bcd
NCD version: 3.3
Vendor:      LATTICE
Device:      LCMXO2-7000HE
Package:     TQFP144
Performance: 4
Loading device for application Bitgen from file 'xo2c7000.nph' in environment: C:/lscc/diamond/3.11_x64/ispfpga.
Package Status:                     Final          Version 1.39.
Performance Hardware Data Status:   Final          Version 34.4.

Running DRC.
DRC detected 0 errors and 0 warnings.
Reading Preference File from top_bcd_7_seg_impl1.prf.

Preference Summary:
+---------------------------------+---------------------------------+
|  Preference                     |  Current Setting                |
+---------------------------------+---------------------------------+
|                         RamCfg  |                        Reset**  |
+---------------------------------+---------------------------------+
|                     MCCLK_FREQ  |                         2.08**  |
+---------------------------------+---------------------------------+
|                  CONFIG_SECURE  |                          OFF**  |
+---------------------------------+---------------------------------+
|                          INBUF  |                           ON**  |
+---------------------------------+---------------------------------+
|                      JTAG_PORT  |                       ENABLE**  |
+---------------------------------+---------------------------------+
|                       SDM_PORT  |                      DISABLE**  |
+---------------------------------+---------------------------------+
|                 SLAVE_SPI_PORT  |                      DISABLE**  |
+---------------------------------+---------------------------------+
|                MASTER_SPI_PORT  |                      DISABLE**  |
+---------------------------------+---------------------------------+
|                       I2C_PORT  |                      DISABLE**  |
+---------------------------------+---------------------------------+
|        MUX_CONFIGURATION_PORTS  |                      DISABLE**  |
+---------------------------------+---------------------------------+
|                  CONFIGURATION  |                          CFG**  |
+---------------------------------+---------------------------------+
|                COMPRESS_CONFIG  |                           ON**  |
+---------------------------------+---------------------------------+
|                        MY_ASSP  |                          OFF**  |
+---------------------------------+---------------------------------+
|               ONE_TIME_PROGRAM  |                          OFF**  |
+---------------------------------+---------------------------------+
|                 ENABLE_TRANSFR  |                      DISABLE**  |
+---------------------------------+---------------------------------+
|                  SHAREDEBRINIT  |                      DISABLE**  |
+---------------------------------+---------------------------------+
|            BACKGROUND_RECONFIG  |                          OFF**  |
+---------------------------------+---------------------------------+
 *  Default setting.
 ** The specified setting matches the default setting.


Creating bit map...
 
Bitstream Status: Final           Version 1.95.
 
Saving bit stream in "top_bcd_7_seg_impl1.jed".
 
===========
UFM Summary.
===========
UFM Size:        2046 Pages (128*2046 Bits).
UFM Utilization: General Purpose Flash Memory.
 
Available General Purpose Flash Memory: 2046 Pages (Page 0 to Page 2045).
Initialized UFM Pages:                     0 Page.
 
Total CPU Time: 5 secs 
Total REAL Time: 6 secs 
Peak Memory Usage: 289 MB
