Active-HDL 10.5.216.6767 2020-10-21 16:51:29

Elaboration top modules:
Architecture                  sinc_fun(cont)


-----------------------------------------------------------------------------------------
Entity   | Architecture | Library | Info | Compiler Version        | Compilation Options
-----------------------------------------------------------------------------------------
cont     | sinc_fun     | work    |      | 10.5.216.6767 (Windows) | -dbg
-----------------------------------------------------------------------------------------

-----------------------------------------------------------------------------------------
VHDL Package            | Library | Info | Compiler Version        | Compilation Options
-----------------------------------------------------------------------------------------
standard                | std     |      |                         | <unavailable>
TEXTIO                  | std     |      |                         | <unavailable>
std_logic_1164          | ieee    |      |                         | <unavailable>
-----------------------------------------------------------------------------------------

-----------------------------------------------------------------------------------------
Library                 | Comment
-----------------------------------------------------------------------------------------
ieee                    | Standard IEEE packages library
std                     | Standard VHDL library
work                    | None
-----------------------------------------------------------------------------------------


Simulation Options: vsim +access +r cont -PL pmi_work -L ovi_machxo2


The performance of simulation is reduced. Version Lattice Edition
