
map -a "MachXO2" -p LCMXO2-7000HE -t TQFP144 -s 4 -oc Industrial   "Practica_Final_Aldair_Rene_impl1.ngd" -o "Practica_Final_Aldair_Rene_impl1_map.ncd" -pr "Practica_Final_Aldair_Rene_impl1.prf" -mp "Practica_Final_Aldair_Rene_impl1.mrp" -lpf "D:/Semestre 2-2020/DSD/Practicas/Proyecto Final Aldair JRene/impl1/Practica_Final_Aldair_Rene_impl1_synplify.lpf" -lpf "D:/Semestre 2-2020/DSD/Practicas/Proyecto Final Aldair JRene/Practica_Final_Aldair_Rene.lpf"  -c 0           
map:  version Diamond (64-bit) 3.12.0.240.2

Copyright (c) 1991-1994 by NeoCAD Inc. All rights reserved.
Copyright (c) 1995 AT&T Corp.   All rights reserved.
Copyright (c) 1995-2001 Lucent Technologies Inc.  All rights reserved.
Copyright (c) 2001 Agere Systems   All rights reserved.
Copyright (c) 2002-2020 Lattice Semiconductor Corporation,  All rights reserved.
   Process the file: Practica_Final_Aldair_Rene_impl1.ngd
   Picdevice="LCMXO2-7000HE"

   Pictype="TQFP144"

   Picspeed=4

   Remove unused logic

   Do not produce over sized NCDs.

Part used: LCMXO2-7000HETQFP144, Performance used: 4.

Loading device for application map from file 'xo2c7000.nph' in environment: C:/lscc/diamond/3.12/ispfpga.
Package Status:                     Final          Version 1.39.

Running general design DRC...

Removing unused logic...

Optimizing...

2 CCU2 constant inputs absorbed.

    <postMsg mid="51001030" type="Warning" dynamic="1" navigation="0" arg0="clr_c"  />



Design Summary:
   Number of registers:     46 out of  7209 (1%)
      PFU registers:           46 out of  6864 (1%)
      PIO registers:            0 out of   345 (0%)
   Number of SLICEs:        62 out of  3432 (2%)
      SLICEs as Logic/ROM:     62 out of  3432 (2%)
      SLICEs as RAM:            0 out of  2574 (0%)
      SLICEs as Carry:         24 out of  3432 (1%)
   Number of LUT4s:        121 out of  6864 (2%)
      Number used as logic LUTs:         73
      Number used as distributed RAM:     0
      Number used as ripple logic:       48
      Number used as shift registers:     0
   Number of PIO sites used: 28 + 4(JTAG) out of 115 (28%)
   Number of block RAMs:  0 out of 26 (0%)
   Number of GSRs:        1 out of 1 (100%)
   EFB used :        No
   JTAG used :       No
   Readback used :   No
   Oscillator used : Yes
   Startup used :    No
   POR :             On
   Bandgap :         On
   Number of Power Controller:  0 out of 1 (0%)
   Number of Dynamic Bank Controller (BCINRD):  0 out of 6 (0%)
   Number of Dynamic Bank Controller (BCLVDSO):  0 out of 1 (0%)
   Number of DCCA:  0 out of 8 (0%)
   Number of DCMA:  0 out of 2 (0%)
   Number of PLLs:  0 out of 2 (0%)
   Number of DQSDLLs:  0 out of 2 (0%)
   Number of CLKDIVC:  0 out of 4 (0%)
   Number of ECLKSYNCA:  0 out of 4 (0%)
   Number of ECLKBRIDGECS:  0 out of 2 (0%)
   Notes:-
      1. Total number of LUT4s = (Number of logic LUT4s) + 2*(Number of distributed RAMs) + 2*(Number of ripple logic)
      2. Number of logic LUT4s does not include count of distributed RAM and ripple logic.
   Number of clocks:  1
     Net osc_aux: 24 loads, 24 rising, 0 falling (Driver: cto1/OSCInst0 )
   Number of Clock Enables:  0
   Number of local set/reset loads for net clr_c merged into GSR:  25
   Number of LSRs:  1
     Net cto4/un1_clr_1: 11 loads, 11 LSLICEs
   Number of nets driven by tri-state buffers:  0
   Top 10 highest fanout non-clock nets:
     Net q23_aux[3]: 37 loads
     Net q23_aux[5]: 37 loads
     Net q23_aux[4]: 36 loads
     Net q23_aux[2]: 35 loads
     Net q9_aux[2]: 22 loads
     Net q23_aux[6]: 21 loads
     Net q9_aux[1]: 19 loads
     Net q9_aux[0]: 18 loads
     Net q23_aux[1]: 13 loads
     Net cto4/un1_clr_1: 11 loads
 

   Number of warnings:  1
   Number of errors:    0



Total CPU Time: 0 secs  
Total REAL Time: 0 secs  
Peak Memory Usage: 58 MB

Dumping design to file Practica_Final_Aldair_Rene_impl1_map.ncd.

mpartrce -p "Practica_Final_Aldair_Rene_impl1.p2t" -f "Practica_Final_Aldair_Rene_impl1.p3t" -tf "Practica_Final_Aldair_Rene_impl1.pt" "Practica_Final_Aldair_Rene_impl1_map.ncd" "Practica_Final_Aldair_Rene_impl1.ncd"

---- MParTrce Tool ----
Removing old design directory at request of -rem command line option to this program.
Running par. Please wait . . .

Lattice Place and Route Report for Design "Practica_Final_Aldair_Rene_impl1_map.ncd"
Wed Jan 20 14:25:46 2021

PAR: Place And Route Diamond (64-bit) 3.12.0.240.2.
Command Line: par -w -l 5 -i 6 -t 1 -c 0 -e 0 -gui -msgset "D:/Semestre 2-2020/DSD/Practicas/Proyecto Final Aldair JRene/promote.xml" -exp parUseNBR=1:parCDP=0:parCDR=0:parPathBased=OFF:parASE=1 Practica_Final_Aldair_Rene_impl1_map.ncd Practica_Final_Aldair_Rene_impl1.dir/5_1.ncd Practica_Final_Aldair_Rene_impl1.prf
Preference file: Practica_Final_Aldair_Rene_impl1.prf.
Placement level-cost: 5-1.
Routing Iterations: 6

Loading design for application par from file Practica_Final_Aldair_Rene_impl1_map.ncd.
Design name: pfinal
NCD version: 3.3
Vendor:      LATTICE
Device:      LCMXO2-7000HE
Package:     TQFP144
Performance: 4
Loading device for application par from file 'xo2c7000.nph' in environment: C:/lscc/diamond/3.12/ispfpga.
Package Status:                     Final          Version 1.39.
Performance Hardware Data Status:   Final          Version 34.4.
License checked out.


Ignore Preference Error(s):  True
Device utilization summary:

   PIO (prelim)   28+4(JTAG)/336     10% used
                  28+4(JTAG)/115     28% bonded

   SLICE             62/3432          1% used

   GSR                1/1           100% used
   OSC                1/1           100% used


Number of Signals: 183
Number of Connections: 486

Pin Constraint Summary:
   28 out of 28 pins locked (100% locked).

The following 1 signal is selected to use the primary clock routing resources:
    osc_aux (driver: cto1/OSCInst0, clk load #: 24)


The following 1 signal is selected to use the secondary clock routing resources:
    cto4/un1_clr_1 (driver: SLICE_61, clk load #: 0, sr load #: 11, ce load #: 0)

Signal clr_c is selected as Global Set/Reset.
Starting Placer Phase 0.

Finished Placer Phase 0.  REAL time: 0 secs 

Starting Placer Phase 1.
..................
Placer score = 27583.
Finished Placer Phase 1.  REAL time: 8 secs 

Starting Placer Phase 2.
.
Placer score =  27532
Finished Placer Phase 2.  REAL time: 8 secs 


------------------ Clock Report ------------------

Global Clock Resources:
  CLK_PIN    : 0 out of 8 (0%)
  PLL        : 0 out of 2 (0%)
  DCM        : 0 out of 2 (0%)
  DCC        : 0 out of 8 (0%)

Global Clocks:
  PRIMARY "osc_aux" from OSC on comp "cto1/OSCInst0" on site "OSC", clk load = 24
  SECONDARY "cto4/un1_clr_1" from F1 on comp "SLICE_61" on site "R14C20D", clk load = 0, ce load = 0, sr load = 11

  PRIMARY  : 1 out of 8 (12%)
  SECONDARY: 1 out of 8 (12%)

Edge Clocks:
  No edge clock selected.

--------------- End of Clock Report ---------------


I/O Usage Summary (final):
   28 + 4(JTAG) out of 336 (9.5%) PIO sites used.
   28 + 4(JTAG) out of 115 (27.8%) bonded PIO sites used.
   Number of PIO comps: 28; differential: 0.
   Number of Vref pins used: 0.

I/O Bank Usage Summary:
+----------+----------------+------------+-----------+
| I/O Bank | Usage          | Bank Vccio | Bank Vref |
+----------+----------------+------------+-----------+
| 0        | 20 / 28 ( 71%) | 2.5V       | -         |
| 1        | 8 / 29 ( 27%)  | 2.5V       | -         |
| 2        | 0 / 29 (  0%)  | -          | -         |
| 3        | 0 / 9 (  0%)   | -          | -         |
| 4        | 0 / 10 (  0%)  | -          | -         |
| 5        | 0 / 10 (  0%)  | -          | -         |
+----------+----------------+------------+-----------+

Total placer CPU time: 8 secs 

Dumping design to file Practica_Final_Aldair_Rene_impl1.dir/5_1.ncd.

0 connections routed; 486 unrouted.
Starting router resource preassignment

Completed router resource preassignment. Real time: 11 secs 

Start NBR router at 14:25:57 01/20/21

*****************************************************************
Info: NBR allows conflicts(one node used by more than one signal)
      in the earlier iterations. In each iteration, it tries to  
      solve the conflicts while keeping the critical connections 
      routed as short as possible. The routing process is said to
      be completed when no conflicts exist and all connections   
      are routed.                                                
Note: NBR uses a different method to calculate timing slacks. The
      worst slack and total negative slack may not be the same as
      that in TRCE report. You should always run TRCE to verify  
      your design.                                               
*****************************************************************

Start NBR special constraint process at 14:25:57 01/20/21

Start NBR section for initial routing at 14:25:57 01/20/21
Level 4, iteration 1
4(0.00%) conflicts; 0(0.00%) untouched conn; 0 (nbr) score; 
Estimated worst slack/total negative slack<setup>: 474.346ns/0.000ns; real time: 11 secs 

Info: Initial congestion level at 75% usage is 0
Info: Initial congestion area  at 75% usage is 0 (0.00%)

Start NBR section for normal routing at 14:25:57 01/20/21
Level 4, iteration 1
1(0.00%) conflict; 0(0.00%) untouched conn; 0 (nbr) score; 
Estimated worst slack/total negative slack<setup>: 474.346ns/0.000ns; real time: 11 secs 
Level 4, iteration 2
0(0.00%) conflict; 0(0.00%) untouched conn; 0 (nbr) score; 
Estimated worst slack/total negative slack<setup>: 474.346ns/0.000ns; real time: 11 secs 

Start NBR section for setup/hold timing optimization with effort level 3 at 14:25:57 01/20/21

Start NBR section for re-routing at 14:25:57 01/20/21
Level 4, iteration 1
0(0.00%) conflict; 0(0.00%) untouched conn; 0 (nbr) score; 
Estimated worst slack/total negative slack<setup>: 474.346ns/0.000ns; real time: 11 secs 

Start NBR section for post-routing at 14:25:57 01/20/21

End NBR router with 0 unrouted connection

NBR Summary
-----------
  Number of unrouted connections : 0 (0.00%)
  Number of connections with timing violations : 0 (0.00%)
  Estimated worst slack<setup> : 474.346ns
  Timing score<setup> : 0
-----------
Notes: The timing info is calculated for SETUP only and all PAR_ADJs are ignored.



Total CPU time 11 secs 
Total REAL time: 11 secs 
Completely routed.
End of route.  486 routed (100.00%); 0 unrouted.

Hold time timing score: 0, hold timing errors: 0

Timing score: 0 

Dumping design to file Practica_Final_Aldair_Rene_impl1.dir/5_1.ncd.


PAR_SUMMARY::Run status = Completed
PAR_SUMMARY::Number of unrouted conns = 0
PAR_SUMMARY::Worst  slack<setup/<ns>> = 474.346
PAR_SUMMARY::Timing score<setup/<ns>> = 0.000
PAR_SUMMARY::Worst  slack<hold /<ns>> = 0.370
PAR_SUMMARY::Timing score<hold /<ns>> = 0.000
PAR_SUMMARY::Number of errors = 0

Total CPU  time to completion: 11 secs 
Total REAL time to completion: 12 secs 

par done!

Note: user must run 'Trace' for timing closure signoff.

Copyright (c) 1991-1994 by NeoCAD Inc. All rights reserved.
Copyright (c) 1995 AT&T Corp.   All rights reserved.
Copyright (c) 1995-2001 Lucent Technologies Inc.  All rights reserved.
Copyright (c) 2001 Agere Systems   All rights reserved.
Copyright (c) 2002-2020 Lattice Semiconductor Corporation,  All rights reserved.
Exiting par with exit code 0
Exiting mpartrce with exit code 0

trce -f "Practica_Final_Aldair_Rene_impl1.pt" -o "Practica_Final_Aldair_Rene_impl1.twr" "Practica_Final_Aldair_Rene_impl1.ncd" "Practica_Final_Aldair_Rene_impl1.prf"
trce:  version Diamond (64-bit) 3.12.0.240.2

Copyright (c) 1991-1994 by NeoCAD Inc. All rights reserved.
Copyright (c) 1995 AT&T Corp.   All rights reserved.
Copyright (c) 1995-2001 Lucent Technologies Inc.  All rights reserved.
Copyright (c) 2001 Agere Systems   All rights reserved.
Copyright (c) 2002-2020 Lattice Semiconductor Corporation,  All rights reserved.

Loading design for application trce from file practica_final_aldair_rene_impl1.ncd.
Design name: pfinal
NCD version: 3.3
Vendor:      LATTICE
Device:      LCMXO2-7000HE
Package:     TQFP144
Performance: 4
Loading device for application trce from file 'xo2c7000.nph' in environment: C:/lscc/diamond/3.12/ispfpga.
Package Status:                     Final          Version 1.39.
Performance Hardware Data Status:   Final          Version 34.4.
Setup and Hold Report

--------------------------------------------------------------------------------
Lattice TRACE Report - Setup, Version Diamond (64-bit) 3.12.0.240.2
Wed Jan 20 14:25:58 2021

Copyright (c) 1991-1994 by NeoCAD Inc. All rights reserved.
Copyright (c) 1995 AT&T Corp.   All rights reserved.
Copyright (c) 1995-2001 Lucent Technologies Inc.  All rights reserved.
Copyright (c) 2001 Agere Systems   All rights reserved.
Copyright (c) 2002-2020 Lattice Semiconductor Corporation,  All rights reserved.

Report Information
------------------
Command line:    trce -v 10 -gt -sethld -sp 4 -sphld m -o Practica_Final_Aldair_Rene_impl1.twr -gui -msgset D:/Semestre 2-2020/DSD/Practicas/Proyecto Final Aldair JRene/promote.xml Practica_Final_Aldair_Rene_impl1.ncd Practica_Final_Aldair_Rene_impl1.prf 
Design file:     practica_final_aldair_rene_impl1.ncd
Preference file: practica_final_aldair_rene_impl1.prf
Device,speed:    LCMXO2-7000HE,4
Report level:    verbose report, limited to 10 items per preference
--------------------------------------------------------------------------------

BLOCK ASYNCPATHS
BLOCK RESETPATHS
--------------------------------------------------------------------------------



Timing summary (Setup):
---------------

Timing errors: 0  Score: 0
Cumulative negative slack: 0

Constraints cover 589 paths, 1 nets, and 477 connections (98.15% coverage)

--------------------------------------------------------------------------------
Lattice TRACE Report - Hold, Version Diamond (64-bit) 3.12.0.240.2
Wed Jan 20 14:25:59 2021

Copyright (c) 1991-1994 by NeoCAD Inc. All rights reserved.
Copyright (c) 1995 AT&T Corp.   All rights reserved.
Copyright (c) 1995-2001 Lucent Technologies Inc.  All rights reserved.
Copyright (c) 2001 Agere Systems   All rights reserved.
Copyright (c) 2002-2020 Lattice Semiconductor Corporation,  All rights reserved.

Report Information
------------------
Command line:    trce -v 10 -gt -sethld -sp 4 -sphld m -o Practica_Final_Aldair_Rene_impl1.twr -gui -msgset D:/Semestre 2-2020/DSD/Practicas/Proyecto Final Aldair JRene/promote.xml Practica_Final_Aldair_Rene_impl1.ncd Practica_Final_Aldair_Rene_impl1.prf 
Design file:     practica_final_aldair_rene_impl1.ncd
Preference file: practica_final_aldair_rene_impl1.prf
Device,speed:    LCMXO2-7000HE,m
Report level:    verbose report, limited to 10 items per preference
--------------------------------------------------------------------------------

BLOCK ASYNCPATHS
BLOCK RESETPATHS
--------------------------------------------------------------------------------



Timing summary (Hold):
---------------

Timing errors: 0  Score: 0
Cumulative negative slack: 0

Constraints cover 589 paths, 1 nets, and 477 connections (98.15% coverage)



Timing summary (Setup and Hold):
---------------

Timing errors: 0 (setup), 0 (hold)
Score: 0 (setup), 0 (hold)
Cumulative negative slack: 0 (0+0)
--------------------------------------------------------------------------------

--------------------------------------------------------------------------------

Total CPU Time: 0 secs 
Total REAL Time: 0 secs 
Peak Memory Usage: 67 MB


tmcheck -par "Practica_Final_Aldair_Rene_impl1.par" 

bitgen -f "Practica_Final_Aldair_Rene_impl1.t2b" -w "Practica_Final_Aldair_Rene_impl1.ncd"  -jedec "Practica_Final_Aldair_Rene_impl1.prf"


BITGEN: Bitstream Generator Diamond (64-bit) 3.12.0.240.2
Copyright (c) 1991-1994 by NeoCAD Inc. All rights reserved.
Copyright (c) 1995 AT&T Corp.   All rights reserved.
Copyright (c) 1995-2001 Lucent Technologies Inc.  All rights reserved.
Copyright (c) 2001 Agere Systems   All rights reserved.
Copyright (c) 2002-2020 Lattice Semiconductor Corporation,  All rights reserved.


Loading design for application Bitgen from file Practica_Final_Aldair_Rene_impl1.ncd.
Design name: pfinal
NCD version: 3.3
Vendor:      LATTICE
Device:      LCMXO2-7000HE
Package:     TQFP144
Performance: 4
Loading device for application Bitgen from file 'xo2c7000.nph' in environment: C:/lscc/diamond/3.12/ispfpga.
Package Status:                     Final          Version 1.39.
Performance Hardware Data Status:   Final          Version 34.4.

Running DRC.
DRC detected 0 errors and 0 warnings.
Reading Preference File from Practica_Final_Aldair_Rene_impl1.prf.

Preference Summary:
+---------------------------------+---------------------------------+
|  Preference                     |  Current Setting                |
+---------------------------------+---------------------------------+
|                         RamCfg  |                        Reset**  |
+---------------------------------+---------------------------------+
|                     MCCLK_FREQ  |                         2.08**  |
+---------------------------------+---------------------------------+
|                  CONFIG_SECURE  |                          OFF**  |
+---------------------------------+---------------------------------+
|                          INBUF  |                           ON**  |
+---------------------------------+---------------------------------+
|                      JTAG_PORT  |                       ENABLE**  |
+---------------------------------+---------------------------------+
|                       SDM_PORT  |                      DISABLE**  |
+---------------------------------+---------------------------------+
|                 SLAVE_SPI_PORT  |                      DISABLE**  |
+---------------------------------+---------------------------------+
|                MASTER_SPI_PORT  |                      DISABLE**  |
+---------------------------------+---------------------------------+
|                       I2C_PORT  |                      DISABLE**  |
+---------------------------------+---------------------------------+
|        MUX_CONFIGURATION_PORTS  |                      DISABLE**  |
+---------------------------------+---------------------------------+
|                  CONFIGURATION  |                          CFG**  |
+---------------------------------+---------------------------------+
|                COMPRESS_CONFIG  |                           ON**  |
+---------------------------------+---------------------------------+
|                        MY_ASSP  |                          OFF**  |
+---------------------------------+---------------------------------+
|               ONE_TIME_PROGRAM  |                          OFF**  |
+---------------------------------+---------------------------------+
|                 ENABLE_TRANSFR  |                      DISABLE**  |
+---------------------------------+---------------------------------+
|                  SHAREDEBRINIT  |                      DISABLE**  |
+---------------------------------+---------------------------------+
|            BACKGROUND_RECONFIG  |                          OFF**  |
+---------------------------------+---------------------------------+
 *  Default setting.
 ** The specified setting matches the default setting.


Creating bit map...
 
Bitstream Status: Final           Version 1.95.
 
Saving bit stream in "Practica_Final_Aldair_Rene_impl1.jed".
 
===========
UFM Summary.
===========
UFM Size:        2046 Pages (128*2046 Bits).
UFM Utilization: General Purpose Flash Memory.
 
Available General Purpose Flash Memory: 2046 Pages (Page 0 to Page 2045).
Initialized UFM Pages:                     0 Page.
 
Total CPU Time: 4 secs 
Total REAL Time: 5 secs 
Peak Memory Usage: 289 MB
