
synpwrap -msg -prj "lcd_aldair_impl1_synplify.tcl" -log "lcd_aldair_impl1.srf"
Copyright (C) 1992-2020 Lattice Semiconductor Corporation. All rights reserved.
Lattice Diamond Version 3.12.0.240.2
    <postMsg mid="2011000" type="Info"    dynamic="0" navigation="0"  />

==contents of lcd_aldair_impl1.srf
#Build: Synplify Pro (R) Q-2020.03L-SP1, Build 182R, Oct 29 2020
#install: C:\lscc\diamond\3.12\synpbase
#OS: Windows 8 6.2
#Hostname: DESKTOP-2I5LM3P

# Wed Jan 20 00:37:33 2021

#Implementation: impl1


Copyright (C) 1994-2020 Synopsys, Inc.
This Synopsys software and all associated documentation are proprietary to Synopsys, Inc.
and may only be used pursuant to the terms and conditions of a written license agreement
with Synopsys, Inc. All other use, reproduction, modification, or distribution of the
Synopsys software or the associated documentation is strictly prohibited.
Tool: Synplify Pro (R)
Build: Q-2020.03L-SP1
Install: C:\lscc\diamond\3.12\synpbase
OS: Windows 6.2

Hostname: DESKTOP-2I5LM3P

Implementation : impl1
Synopsys HDL Compiler, Version comp202003synp2, Build 182R, Built Oct 29 2020 10:49:53, @

@N|Running in 64-bit mode
###########################################################[

Copyright (C) 1994-2020 Synopsys, Inc.
This Synopsys software and all associated documentation are proprietary to Synopsys, Inc.
and may only be used pursuant to the terms and conditions of a written license agreement
with Synopsys, Inc. All other use, reproduction, modification, or distribution of the
Synopsys software or the associated documentation is strictly prohibited.
Tool: Synplify Pro (R)
Build: Q-2020.03L-SP1
Install: C:\lscc\diamond\3.12\synpbase
OS: Windows 6.2

Hostname: DESKTOP-2I5LM3P

Implementation : impl1
Synopsys VHDL Compiler, Version comp202003synp2, Build 182R, Built Oct 29 2020 10:49:53, @

@N|Running in 64-bit mode
@N:"D:\Semestre 2-2020\DSD\Practicas\LCD_ALDAIR\impl1\source\lcd_top.vhd":3:8:3:16|Top entity is set to lcd_final.
File D:\Semestre 2-2020\DSD\Practicas\LCD_ALDAIR\impl1\source\memoria.vhd changed - recompiling
VHDL syntax check successful!
File D:\Semestre 2-2020\DSD\Practicas\LCD_ALDAIR\impl1\source\memoria.vhd changed - recompiling
@N: CD630 :"D:\Semestre 2-2020\DSD\Practicas\LCD_ALDAIR\impl1\source\lcd_top.vhd":3:8:3:16|Synthesizing work.lcd_final.lcd.
@N: CD630 :"D:\Semestre 2-2020\DSD\Practicas\LCD_ALDAIR\impl1\source\memoria.vhd":3:8:3:16|Synthesizing work.memoria_1.memoria.
Post processing for work.memoria_1.memoria
Running optimization stage 1 on memoria_1 .......
@N: CD630 :"D:\Semestre 2-2020\DSD\Practicas\LCD_ALDAIR\impl1\source\clk_div.vhd":5:7:5:13|Synthesizing work.clk_div.divisor.
Post processing for work.clk_div.divisor
Running optimization stage 1 on clk_div .......
@W: CL271 :"D:\Semestre 2-2020\DSD\Practicas\LCD_ALDAIR\impl1\source\clk_div.vhd":15:3:15:4|Pruning unused bits 29 to 24 of qaux_3(29 downto 0). If this is not the intended behavior, drive the inputs with valid values, or inputs from the top level.
@N: CD630 :"D:\Semestre 2-2020\DSD\Practicas\LCD_ALDAIR\impl1\source\oscilador.vhd":4:7:4:11|Synthesizing work.osc00.osc0.
@W: CD276 :"C:\lscc\diamond\3.12\cae_library\synthesis\vhdl\machxo2.vhd":2297:8:2297:15|Map for port sedstdby of component osch not found
@N: CD630 :"C:\lscc\diamond\3.12\cae_library\synthesis\vhdl\machxo2.vhd":2291:10:2291:13|Synthesizing work.osch.syn_black_box.
Post processing for work.osch.syn_black_box
Post processing for work.osc00.osc0
Running optimization stage 1 on osc00 .......
Post processing for work.lcd_final.lcd
Running optimization stage 1 on lcd_final .......
Running optimization stage 2 on osc00 .......
Running optimization stage 2 on clk_div .......
Running optimization stage 2 on memoria_1 .......
Running optimization stage 2 on lcd_final .......

For a summary of runtime and memory usage per design unit, please see file:
==========================================================
@L: D:\Semestre 2-2020\DSD\Practicas\LCD_ALDAIR\impl1\synwork\layer0.rt.csv


At c_vhdl Exit (Real Time elapsed 0h:00m:01s; CPU Time elapsed 0h:00m:01s; Memory used current: 91MB peak: 92MB)

Process took 0h:00m:01s realtime, 0h:00m:01s cputime

Process completed successfully.
# Wed Jan 20 00:37:35 2021

###########################################################]
###########################################################[

Copyright (C) 1994-2020 Synopsys, Inc.
This Synopsys software and all associated documentation are proprietary to Synopsys, Inc.
and may only be used pursuant to the terms and conditions of a written license agreement
with Synopsys, Inc. All other use, reproduction, modification, or distribution of the
Synopsys software or the associated documentation is strictly prohibited.
Tool: Synplify Pro (R)
Build: Q-2020.03L-SP1
Install: C:\lscc\diamond\3.12\synpbase
OS: Windows 6.2

Hostname: DESKTOP-2I5LM3P

Implementation : impl1
Synopsys Synopsys Netlist Linker, Version comp202003synp2, Build 182R, Built Oct 29 2020 10:49:53, @

@N|Running in 64-bit mode
File D:\Semestre 2-2020\DSD\Practicas\LCD_ALDAIR\impl1\synwork\layer0.srs changed - recompiling

At syn_nfilter Exit (Real Time elapsed 0h:00m:00s; CPU Time elapsed 0h:00m:00s; Memory used current: 90MB peak: 90MB)

Process took 0h:00m:01s realtime, 0h:00m:01s cputime

Process completed successfully.
# Wed Jan 20 00:37:35 2021

###########################################################]

For a summary of runtime and memory usage for all design units, please see file:
==========================================================
@L: D:\Semestre 2-2020\DSD\Practicas\LCD_ALDAIR\impl1\synwork\lcd_aldair_impl1_comp.rt.csv

@END

At c_hdl Exit (Real Time elapsed 0h:00m:01s; CPU Time elapsed 0h:00m:01s; Memory used current: 23MB peak: 23MB)

Process took 0h:00m:02s realtime, 0h:00m:01s cputime

Process completed successfully.
# Wed Jan 20 00:37:36 2021

###########################################################]
###########################################################[

Copyright (C) 1994-2020 Synopsys, Inc.
This Synopsys software and all associated documentation are proprietary to Synopsys, Inc.
and may only be used pursuant to the terms and conditions of a written license agreement
with Synopsys, Inc. All other use, reproduction, modification, or distribution of the
Synopsys software or the associated documentation is strictly prohibited.
Tool: Synplify Pro (R)
Build: Q-2020.03L-SP1
Install: C:\lscc\diamond\3.12\synpbase
OS: Windows 6.2

Hostname: DESKTOP-2I5LM3P

Implementation : impl1
Synopsys Synopsys Netlist Linker, Version comp202003synp2, Build 182R, Built Oct 29 2020 10:49:53, @

@N|Running in 64-bit mode
File D:\Semestre 2-2020\DSD\Practicas\LCD_ALDAIR\impl1\synwork\lcd_aldair_impl1_comp.srs changed - recompiling

At syn_nfilter Exit (Real Time elapsed 0h:00m:00s; CPU Time elapsed 0h:00m:00s; Memory used current: 90MB peak: 90MB)

Process took 0h:00m:01s realtime, 0h:00m:01s cputime

Process completed successfully.
# Wed Jan 20 00:37:37 2021

###########################################################]
Premap Report

# Wed Jan 20 00:37:37 2021


Copyright (C) 1994-2020 Synopsys, Inc.
This Synopsys software and all associated documentation are proprietary to Synopsys, Inc.
and may only be used pursuant to the terms and conditions of a written license agreement
with Synopsys, Inc. All other use, reproduction, modification, or distribution of the
Synopsys software or the associated documentation is strictly prohibited.
Tool: Synplify Pro (R)
Build: Q-2020.03L-SP1
Install: C:\lscc\diamond\3.12\synpbase
OS: Windows 6.2

Hostname: DESKTOP-2I5LM3P

Implementation : impl1
Synopsys Lattice Technology Pre-mapping, Version map202003lat, Build 172R, Built Nov  2 2020 09:31:45, @


Mapper Startup Complete (Real Time elapsed 0h:00m:00s; CPU Time elapsed 0h:00m:00s; Memory used current: 117MB peak: 117MB)

@A: MF827 |No constraint file specified.
@L: D:\Semestre 2-2020\DSD\Practicas\LCD_ALDAIR\impl1\lcd_aldair_impl1_scck.rpt 
See clock summary report "D:\Semestre 2-2020\DSD\Practicas\LCD_ALDAIR\impl1\lcd_aldair_impl1_scck.rpt"
@N: MF916 |Option synthesis_strategy=base is enabled. 
@N: MF248 |Running in 64-bit mode.
@N: MF666 |Clock conversion enabled. (Command "set_option -fix_gated_and_generated_clocks 1" in the project file.)

Design Input Complete (Real Time elapsed 0h:00m:00s; CPU Time elapsed 0h:00m:00s; Memory used current: 126MB peak: 128MB)


Mapper Initialization Complete (Real Time elapsed 0h:00m:00s; CPU Time elapsed 0h:00m:00s; Memory used current: 126MB peak: 128MB)


Start loading timing files (Real Time elapsed 0h:00m:00s; CPU Time elapsed 0h:00m:00s; Memory used current: 137MB peak: 137MB)


Finished loading timing files (Real Time elapsed 0h:00m:01s; CPU Time elapsed 0h:00m:00s; Memory used current: 138MB peak: 139MB)


Starting clock optimization phase (Real Time elapsed 0h:00m:01s; CPU Time elapsed 0h:00m:01s; Memory used current: 169MB peak: 169MB)


Finished clock optimization phase (Real Time elapsed 0h:00m:01s; CPU Time elapsed 0h:00m:01s; Memory used current: 169MB peak: 169MB)


Starting clock optimization report phase (Real Time elapsed 0h:00m:01s; CPU Time elapsed 0h:00m:01s; Memory used current: 169MB peak: 170MB)


Finished clock optimization report phase (Real Time elapsed 0h:00m:01s; CPU Time elapsed 0h:00m:01s; Memory used current: 169MB peak: 170MB)

@N: FX1184 |Applying syn_allowed_resources blockrams=26 on top level netlist lcd_final 

Finished netlist restructuring (Real Time elapsed 0h:00m:01s; CPU Time elapsed 0h:00m:01s; Memory used current: 170MB peak: 170MB)



Clock Summary
******************

          Start                             Requested     Requested     Clock        Clock                   Clock
Level     Clock                             Frequency     Period        Type         Group                   Load 
------------------------------------------------------------------------------------------------------------------
0 -       osc00|osc_int0_inferred_clock     2.1 MHz       480.769       inferred     Inferred_clkgroup_0     24   
==================================================================================================================



Clock Load Summary
***********************

                                  Clock     Source                      Clock Pin             Non-clock Pin     Non-clock Pin
Clock                             Load      Pin                         Seq Example           Seq Example       Comb Example 
-----------------------------------------------------------------------------------------------------------------------------
osc00|osc_int0_inferred_clock     24        cto1.OSCInst0.OSC(OSCH)     cto2.qaux[23:0].C     -                 -            
=============================================================================================================================

@W: MT529 :"d:\semestre 2-2020\dsd\practicas\lcd_aldair\impl1\source\clk_div.vhd":15:3:15:4|Found inferred clock osc00|osc_int0_inferred_clock which controls 24 sequential elements including cto2.qaux[23:0]. This clock has no specified timing constraint which may prevent conversion of gated or generated clocks and may adversely impact design performance. 

ICG Latch Removal Summary:
Number of ICG latches removed: 0
Number of ICG latches not removed:	0


@S |Clock Optimization Summary



#### START OF PREMAP CLOCK OPTIMIZATION REPORT #####[

1 non-gated/non-generated clock tree(s) driving 24 clock pin(s) of sequential element(s)
0 gated/generated clock tree(s) driving 0 clock pin(s) of sequential element(s)
0 instances converted, 0 sequential instances remain driven by gated/generated clocks

============================ Non-Gated/Non-Generated Clocks =============================
Clock Tree ID     Driving Element       Drive Element Type     Fanout     Sample Instance
-----------------------------------------------------------------------------------------
@KP:ckid0_0       cto1.OSCInst0.OSC     OSCH                   24         cto2.qaux[23:0]
=========================================================================================


##### END OF CLOCK OPTIMIZATION REPORT ######

@N: FX1143 |Skipping assigning INTERNAL_VREF to iobanks, because the table of mapping from pin to iobank is not initialized.
Finished Pre Mapping Phase.

Starting constraint checker (Real Time elapsed 0h:00m:02s; CPU Time elapsed 0h:00m:01s; Memory used current: 170MB peak: 170MB)


Finished constraint checker preprocessing (Real Time elapsed 0h:00m:03s; CPU Time elapsed 0h:00m:01s; Memory used current: 170MB peak: 170MB)


Finished constraint checker (Real Time elapsed 0h:00m:03s; CPU Time elapsed 0h:00m:02s; Memory used current: 171MB peak: 171MB)

Pre-mapping successful!

At Mapper Exit (Real Time elapsed 0h:00m:03s; CPU Time elapsed 0h:00m:02s; Memory used current: 87MB peak: 173MB)

Process took 0h:00m:03s realtime, 0h:00m:02s cputime
# Wed Jan 20 00:37:41 2021

###########################################################]
Map & Optimize Report

# Wed Jan 20 00:37:41 2021


Copyright (C) 1994-2020 Synopsys, Inc.
This Synopsys software and all associated documentation are proprietary to Synopsys, Inc.
and may only be used pursuant to the terms and conditions of a written license agreement
with Synopsys, Inc. All other use, reproduction, modification, or distribution of the
Synopsys software or the associated documentation is strictly prohibited.
Tool: Synplify Pro (R)
Build: Q-2020.03L-SP1
Install: C:\lscc\diamond\3.12\synpbase
OS: Windows 6.2

Hostname: DESKTOP-2I5LM3P

Implementation : impl1
Synopsys Lattice Technology Mapper, Version map202003lat, Build 172R, Built Nov  2 2020 09:31:45, @


Mapper Startup Complete (Real Time elapsed 0h:00m:00s; CPU Time elapsed 0h:00m:00s; Memory used current: 117MB peak: 117MB)

@N: MF916 |Option synthesis_strategy=base is enabled. 
@N: MF248 |Running in 64-bit mode.
@N: MF666 |Clock conversion enabled. (Command "set_option -fix_gated_and_generated_clocks 1" in the project file.)

Design Input Complete (Real Time elapsed 0h:00m:00s; CPU Time elapsed 0h:00m:00s; Memory used current: 119MB peak: 128MB)


Mapper Initialization Complete (Real Time elapsed 0h:00m:00s; CPU Time elapsed 0h:00m:00s; Memory used current: 119MB peak: 128MB)


Start loading timing files (Real Time elapsed 0h:00m:00s; CPU Time elapsed 0h:00m:00s; Memory used current: 132MB peak: 132MB)


Finished loading timing files (Real Time elapsed 0h:00m:00s; CPU Time elapsed 0h:00m:00s; Memory used current: 134MB peak: 136MB)



Starting Optimization and Mapping (Real Time elapsed 0h:00m:01s; CPU Time elapsed 0h:00m:01s; Memory used current: 166MB peak: 166MB)


Available hyper_sources - for debug and ip models
	None Found


Finished RTL optimizations (Real Time elapsed 0h:00m:01s; CPU Time elapsed 0h:00m:01s; Memory used current: 170MB peak: 170MB)

@N: MO231 :"d:\semestre 2-2020\dsd\practicas\lcd_aldair\impl1\source\clk_div.vhd":15:3:15:4|Found counter in view:work.lcd_final(lcd) instance cto2.qaux[23:0] 

Starting factoring (Real Time elapsed 0h:00m:01s; CPU Time elapsed 0h:00m:01s; Memory used current: 171MB peak: 171MB)


Finished factoring (Real Time elapsed 0h:00m:01s; CPU Time elapsed 0h:00m:01s; Memory used current: 171MB peak: 171MB)


Finished generic timing optimizations - Pass 1 (Real Time elapsed 0h:00m:01s; CPU Time elapsed 0h:00m:01s; Memory used current: 171MB peak: 171MB)


Starting Early Timing Optimization (Real Time elapsed 0h:00m:01s; CPU Time elapsed 0h:00m:01s; Memory used current: 171MB peak: 171MB)


Finished Early Timing Optimization (Real Time elapsed 0h:00m:02s; CPU Time elapsed 0h:00m:01s; Memory used current: 171MB peak: 171MB)


Finished generic timing optimizations - Pass 2 (Real Time elapsed 0h:00m:02s; CPU Time elapsed 0h:00m:01s; Memory used current: 171MB peak: 171MB)

@N: FX214 :"d:\semestre 2-2020\dsd\practicas\lcd_aldair\impl1\source\memoria.vhd":10:8:10:9|Generating ROM cto3.salida_1[9:0] (in view: work.lcd_final(lcd)).

Finished preparing to map (Real Time elapsed 0h:00m:02s; CPU Time elapsed 0h:00m:01s; Memory used current: 172MB peak: 172MB)


Finished technology mapping (Real Time elapsed 0h:00m:02s; CPU Time elapsed 0h:00m:02s; Memory used current: 172MB peak: 172MB)

Pass		 CPU time		Worst Slack		Luts / Registers
------------------------------------------------------------
   1		0h:00m:02s		   475.60ns		   1 /        24

Finished technology timing optimizations and critical path resynthesis (Real Time elapsed 0h:00m:02s; CPU Time elapsed 0h:00m:02s; Memory used current: 173MB peak: 173MB)

@N: FX164 |The option to pack registers in the IOB has not been specified. Please set syn_useioff attribute.  

Finished restoring hierarchy (Real Time elapsed 0h:00m:02s; CPU Time elapsed 0h:00m:02s; Memory used current: 173MB peak: 173MB)


Start Writing Netlists (Real Time elapsed 0h:00m:03s; CPU Time elapsed 0h:00m:02s; Memory used current: 138MB peak: 173MB)

Writing Analyst data base D:\Semestre 2-2020\DSD\Practicas\LCD_ALDAIR\impl1\synwork\lcd_aldair_impl1_m.srm

Finished Writing Netlist Databases (Real Time elapsed 0h:00m:03s; CPU Time elapsed 0h:00m:02s; Memory used current: 173MB peak: 173MB)

Writing EDIF Netlist and constraint files
@N: FX1056 |Writing EDF file: D:\Semestre 2-2020\DSD\Practicas\LCD_ALDAIR\impl1\lcd_aldair_impl1.edi
@N: BW106 |Synplicity Constraint File capacitance units using default value of 1pF 

Finished Writing EDIF Netlist and constraint files (Real Time elapsed 0h:00m:04s; CPU Time elapsed 0h:00m:03s; Memory used current: 178MB peak: 178MB)


Start final timing analysis (Real Time elapsed 0h:00m:04s; CPU Time elapsed 0h:00m:04s; Memory used current: 178MB peak: 179MB)

@W: MT420 |Found inferred clock osc00|osc_int0_inferred_clock with period 480.77ns. Please declare a user-defined clock on net cto1.Qaux.


##### START OF TIMING REPORT #####[
# Timing report written on Wed Jan 20 00:37:46 2021
#


Top view:               lcd_final
Requested Frequency:    2.1 MHz
Wire load mode:         top
Paths requested:        5
Constraint File(s):    
@N: MT320 |This timing report is an estimate of place and route data. For final timing results, use the FPGA vendor place and route report.

@N: MT322 |Clock constraints include only register-to-register paths associated with each individual clock.



Performance Summary
*******************


Worst slack in design: 475.027

                                  Requested     Estimated     Requested     Estimated                 Clock        Clock              
Starting Clock                    Frequency     Frequency     Period        Period        Slack       Type         Group              
--------------------------------------------------------------------------------------------------------------------------------------
osc00|osc_int0_inferred_clock     2.1 MHz       174.2 MHz     480.769       5.742         475.027     inferred     Inferred_clkgroup_0
======================================================================================================================================





Clock Relationships
*******************

Clocks                                                        |    rise  to  rise     |    fall  to  fall   |    rise  to  fall   |    fall  to  rise 
------------------------------------------------------------------------------------------------------------------------------------------------------
Starting                       Ending                         |  constraint  slack    |  constraint  slack  |  constraint  slack  |  constraint  slack
------------------------------------------------------------------------------------------------------------------------------------------------------
osc00|osc_int0_inferred_clock  osc00|osc_int0_inferred_clock  |  480.769     475.028  |  No paths    -      |  No paths    -      |  No paths    -    
======================================================================================================================================================
 Note: 'No paths' indicates there are no paths in the design for that pair of clock edges.
       'Diff grp' indicates that paths exist but the starting clock and ending clock are in different clock groups.



Interface Information 
*********************

No IO constraint found



====================================
Detailed Report for Clock: osc00|osc_int0_inferred_clock
====================================



Starting Points with Worst Slack
********************************

                 Starting                                                          Arrival            
Instance         Reference                         Type        Pin     Net         Time        Slack  
                 Clock                                                                                
------------------------------------------------------------------------------------------------------
cto2.qaux[0]     osc00|osc_int0_inferred_clock     FD1S3DX     Q       qaux[0]     0.972       475.027
cto2.qaux[1]     osc00|osc_int0_inferred_clock     FD1S3DX     Q       qaux[1]     0.972       475.170
cto2.qaux[2]     osc00|osc_int0_inferred_clock     FD1S3DX     Q       qaux[2]     0.972       475.170
cto2.qaux[3]     osc00|osc_int0_inferred_clock     FD1S3DX     Q       qaux[3]     0.972       475.313
cto2.qaux[4]     osc00|osc_int0_inferred_clock     FD1S3DX     Q       qaux[4]     0.972       475.313
cto2.qaux[5]     osc00|osc_int0_inferred_clock     FD1S3DX     Q       qaux[5]     0.972       475.456
cto2.qaux[6]     osc00|osc_int0_inferred_clock     FD1S3DX     Q       qaux[6]     0.972       475.456
cto2.qaux[7]     osc00|osc_int0_inferred_clock     FD1S3DX     Q       qaux[7]     0.972       475.599
cto2.qaux[8]     osc00|osc_int0_inferred_clock     FD1S3DX     Q       qaux[8]     0.972       475.599
cto2.qaux[9]     osc00|osc_int0_inferred_clock     FD1S3DX     Q       qaux[9]     0.972       475.741
======================================================================================================


Ending Points with Worst Slack
******************************

                  Starting                                                             Required            
Instance          Reference                         Type        Pin     Net            Time         Slack  
                  Clock                                                                                    
-----------------------------------------------------------------------------------------------------------
cto2.qaux[23]     osc00|osc_int0_inferred_clock     FD1S3DX     D       qaux_s[23]     480.664      475.027
cto2.qaux[21]     osc00|osc_int0_inferred_clock     FD1S3DX     D       qaux_s[21]     480.664      475.170
cto2.qaux[22]     osc00|osc_int0_inferred_clock     FD1S3DX     D       qaux_s[22]     480.664      475.170
cto2.qaux[19]     osc00|osc_int0_inferred_clock     FD1S3DX     D       qaux_s[19]     480.664      475.313
cto2.qaux[20]     osc00|osc_int0_inferred_clock     FD1S3DX     D       qaux_s[20]     480.664      475.313
cto2.qaux[17]     osc00|osc_int0_inferred_clock     FD1S3DX     D       qaux_s[17]     480.664      475.456
cto2.qaux[18]     osc00|osc_int0_inferred_clock     FD1S3DX     D       qaux_s[18]     480.664      475.456
cto2.qaux[15]     osc00|osc_int0_inferred_clock     FD1S3DX     D       qaux_s[15]     480.664      475.599
cto2.qaux[16]     osc00|osc_int0_inferred_clock     FD1S3DX     D       qaux_s[16]     480.664      475.599
cto2.qaux[13]     osc00|osc_int0_inferred_clock     FD1S3DX     D       qaux_s[13]     480.664      475.741
===========================================================================================================



Worst Path Information
***********************


Path information for path number 1: 
      Requested Period:                      480.769
    - Setup time:                            0.106
    + Clock delay at ending point:           0.000 (ideal)
    = Required time:                         480.664

    - Propagation time:                      5.636
    - Clock delay at starting point:         0.000 (ideal)
    = Slack (critical) :                     475.027

    Number of logic level(s):                13
    Starting point:                          cto2.qaux[0] / Q
    Ending point:                            cto2.qaux[23] / D
    The start point is clocked by            osc00|osc_int0_inferred_clock [rising] (rise=0.000 fall=240.385 period=480.769) on pin CK
    The end   point is clocked by            osc00|osc_int0_inferred_clock [rising] (rise=0.000 fall=240.385 period=480.769) on pin CK

Instance / Net                      Pin      Pin               Arrival     No. of    
Name                    Type        Name     Dir     Delay     Time        Fan Out(s)
-------------------------------------------------------------------------------------
cto2.qaux[0]            FD1S3DX     Q        Out     0.972     0.972 r     -         
qaux[0]                 Net         -        -       -         -           1         
cto2.qaux_cry_0[0]      CCU2D       A1       In      0.000     0.972 r     -         
cto2.qaux_cry_0[0]      CCU2D       COUT     Out     1.544     2.516 r     -         
qaux_cry[0]             Net         -        -       -         -           1         
cto2.qaux_cry_0[1]      CCU2D       CIN      In      0.000     2.516 r     -         
cto2.qaux_cry_0[1]      CCU2D       COUT     Out     0.143     2.659 r     -         
qaux_cry[2]             Net         -        -       -         -           1         
cto2.qaux_cry_0[3]      CCU2D       CIN      In      0.000     2.659 r     -         
cto2.qaux_cry_0[3]      CCU2D       COUT     Out     0.143     2.802 r     -         
qaux_cry[4]             Net         -        -       -         -           1         
cto2.qaux_cry_0[5]      CCU2D       CIN      In      0.000     2.802 r     -         
cto2.qaux_cry_0[5]      CCU2D       COUT     Out     0.143     2.945 r     -         
qaux_cry[6]             Net         -        -       -         -           1         
cto2.qaux_cry_0[7]      CCU2D       CIN      In      0.000     2.945 r     -         
cto2.qaux_cry_0[7]      CCU2D       COUT     Out     0.143     3.087 r     -         
qaux_cry[8]             Net         -        -       -         -           1         
cto2.qaux_cry_0[9]      CCU2D       CIN      In      0.000     3.087 r     -         
cto2.qaux_cry_0[9]      CCU2D       COUT     Out     0.143     3.230 r     -         
qaux_cry[10]            Net         -        -       -         -           1         
cto2.qaux_cry_0[11]     CCU2D       CIN      In      0.000     3.230 r     -         
cto2.qaux_cry_0[11]     CCU2D       COUT     Out     0.143     3.373 r     -         
qaux_cry[12]            Net         -        -       -         -           1         
cto2.qaux_cry_0[13]     CCU2D       CIN      In      0.000     3.373 r     -         
cto2.qaux_cry_0[13]     CCU2D       COUT     Out     0.143     3.516 r     -         
qaux_cry[14]            Net         -        -       -         -           1         
cto2.qaux_cry_0[15]     CCU2D       CIN      In      0.000     3.516 r     -         
cto2.qaux_cry_0[15]     CCU2D       COUT     Out     0.143     3.659 r     -         
qaux_cry[16]            Net         -        -       -         -           1         
cto2.qaux_cry_0[17]     CCU2D       CIN      In      0.000     3.659 r     -         
cto2.qaux_cry_0[17]     CCU2D       COUT     Out     0.143     3.801 r     -         
qaux_cry[18]            Net         -        -       -         -           1         
cto2.qaux_cry_0[19]     CCU2D       CIN      In      0.000     3.801 r     -         
cto2.qaux_cry_0[19]     CCU2D       COUT     Out     0.143     3.944 r     -         
qaux_cry[20]            Net         -        -       -         -           1         
cto2.qaux_cry_0[21]     CCU2D       CIN      In      0.000     3.944 r     -         
cto2.qaux_cry_0[21]     CCU2D       COUT     Out     0.143     4.087 r     -         
qaux_cry[22]            Net         -        -       -         -           1         
cto2.qaux_s_0[23]       CCU2D       CIN      In      0.000     4.087 r     -         
cto2.qaux_s_0[23]       CCU2D       S0       Out     1.549     5.636 r     -         
qaux_s[23]              Net         -        -       -         -           1         
cto2.qaux[23]           FD1S3DX     D        In      0.000     5.636 r     -         
=====================================================================================



##### END OF TIMING REPORT #####]

Timing exceptions that could not be applied

Finished final timing analysis (Real Time elapsed 0h:00m:05s; CPU Time elapsed 0h:00m:04s; Memory used current: 179MB peak: 179MB)


Finished timing report (Real Time elapsed 0h:00m:05s; CPU Time elapsed 0h:00m:04s; Memory used current: 179MB peak: 179MB)

---------------------------------------
Resource Usage Report
Part: lcmxo2_7000he-4

Register bits: 24 of 6864 (0%)
PIC Latch:       0
I/O cells:       11


Details:
CCU2D:          13
FD1S3DX:        24
GSR:            1
IB:             1
OB:             10
ORCALUT4:       1
OSCH:           1
PUR:            1
ROM32X1A:       1
ROM64X1A:       9
VHI:            2
VLO:            4
Mapper successful!

At Mapper Exit (Real Time elapsed 0h:00m:05s; CPU Time elapsed 0h:00m:04s; Memory used current: 63MB peak: 179MB)

Process took 0h:00m:05s realtime, 0h:00m:04s cputime
# Wed Jan 20 00:37:47 2021

###########################################################]


Synthesis exit by 0.

edif2ngd  -l "MachXO2" -d LCMXO2-7000HE -path "D:/Semestre 2-2020/DSD/Practicas/LCD_ALDAIR/impl1" -path "D:/Semestre 2-2020/DSD/Practicas/LCD_ALDAIR"   "D:/Semestre 2-2020/DSD/Practicas/LCD_ALDAIR/impl1/lcd_aldair_impl1.edi" "lcd_aldair_impl1.ngo"   
edif2ngd:  version Diamond (64-bit) 3.12.0.240.2

Copyright (c) 1991-1994 by NeoCAD Inc. All rights reserved.
Copyright (c) 1995 AT&T Corp.   All rights reserved.
Copyright (c) 1995-2001 Lucent Technologies Inc.  All rights reserved.
Copyright (c) 2001 Agere Systems   All rights reserved.
Copyright (c) 2002-2020 Lattice Semiconductor Corporation,  All rights reserved.
Writing the design to lcd_aldair_impl1.ngo...

Total CPU Time: 0 secs  
Total REAL Time: 0 secs  
Peak Memory Usage: 10 MB


ngdbuild  -a "MachXO2" -d LCMXO2-7000HE  -p "C:/lscc/diamond/3.12/ispfpga/xo2c00/data"  -p "D:/Semestre 2-2020/DSD/Practicas/LCD_ALDAIR/impl1" -p "D:/Semestre 2-2020/DSD/Practicas/LCD_ALDAIR"  "lcd_aldair_impl1.ngo" "lcd_aldair_impl1.ngd"  	
ngdbuild:  version Diamond (64-bit) 3.12.0.240.2

Copyright (c) 1991-1994 by NeoCAD Inc. All rights reserved.
Copyright (c) 1995 AT&T Corp.   All rights reserved.
Copyright (c) 1995-2001 Lucent Technologies Inc.  All rights reserved.
Copyright (c) 2001 Agere Systems   All rights reserved.
Copyright (c) 2002-2020 Lattice Semiconductor Corporation,  All rights reserved.
Reading 'lcd_aldair_impl1.ngo' ...
Loading NGL library 'C:/lscc/diamond/3.12/ispfpga/xo2c00a/data/xo2alib.ngl'...
Loading NGL library 'C:/lscc/diamond/3.12/ispfpga/xo2c00/data/xo2clib.ngl'...
Loading NGL library 'C:/lscc/diamond/3.12/ispfpga/mg5g00/data/mg5glib.ngl'...
Loading NGL library 'C:/lscc/diamond/3.12/ispfpga/or5g00/data/orc5glib.ngl'...


Running DRC...

    <postMsg mid="1166052" type="Warning" dynamic="2" navigation="1" arg0="logical" arg1="cto1/OSCInst0_SEDSTDBY" arg2="cto1/OSCInst0_SEDSTDBY"  />
    <postMsg mid="1163101" type="Warning" dynamic="1" navigation="0" arg0="1"  />

Design Results:
     67 blocks expanded
Complete the first expansion.
Writing 'lcd_aldair_impl1.ngd' ...
Total CPU Time: 0 secs 
Total REAL Time: 0 secs 
Peak Memory Usage: 17 MB


map -a "MachXO2" -p LCMXO2-7000HE -t TQFP144 -s 4 -oc Industrial   "lcd_aldair_impl1.ngd" -o "lcd_aldair_impl1_map.ncd" -pr "lcd_aldair_impl1.prf" -mp "lcd_aldair_impl1.mrp" -lpf "D:/Semestre 2-2020/DSD/Practicas/LCD_ALDAIR/impl1/lcd_aldair_impl1_synplify.lpf" -lpf "D:/Semestre 2-2020/DSD/Practicas/LCD_ALDAIR/lcd_aldair.lpf"  -c 0           
map:  version Diamond (64-bit) 3.12.0.240.2

Copyright (c) 1991-1994 by NeoCAD Inc. All rights reserved.
Copyright (c) 1995 AT&T Corp.   All rights reserved.
Copyright (c) 1995-2001 Lucent Technologies Inc.  All rights reserved.
Copyright (c) 2001 Agere Systems   All rights reserved.
Copyright (c) 2002-2020 Lattice Semiconductor Corporation,  All rights reserved.
   Process the file: lcd_aldair_impl1.ngd
   Picdevice="LCMXO2-7000HE"

   Pictype="TQFP144"

   Picspeed=4

   Remove unused logic

   Do not produce over sized NCDs.

Part used: LCMXO2-7000HETQFP144, Performance used: 4.

Loading device for application map from file 'xo2c7000.nph' in environment: C:/lscc/diamond/3.12/ispfpga.
Package Status:                     Final          Version 1.39.

Running general design DRC...

Removing unused logic...

Optimizing...

1 CCU2 constant inputs absorbed.

    <postMsg mid="51001030" type="Warning" dynamic="1" navigation="0" arg0="clr_c"  />



Design Summary:
   Number of registers:     24 out of  7209 (0%)
      PFU registers:           24 out of  6864 (0%)
      PIO registers:            0 out of   345 (0%)
   Number of SLICEs:        32 out of  3432 (1%)
      SLICEs as Logic/ROM:     32 out of  3432 (1%)
      SLICEs as RAM:            0 out of  2574 (0%)
      SLICEs as Carry:         13 out of  3432 (0%)
   Number of LUT4s:         49 out of  6864 (1%)
      Number used as logic LUTs:         23
      Number used as distributed RAM:     0
      Number used as ripple logic:       26
      Number used as shift registers:     0
   Number of PIO sites used: 11 + 4(JTAG) out of 115 (13%)
   Number of block RAMs:  0 out of 26 (0%)
   Number of GSRs:        1 out of 1 (100%)
   EFB used :        No
   JTAG used :       No
   Readback used :   No
   Oscillator used : Yes
   Startup used :    No
   POR :             On
   Bandgap :         On
   Number of Power Controller:  0 out of 1 (0%)
   Number of Dynamic Bank Controller (BCINRD):  0 out of 6 (0%)
   Number of Dynamic Bank Controller (BCLVDSO):  0 out of 1 (0%)
   Number of DCCA:  0 out of 8 (0%)
   Number of DCMA:  0 out of 2 (0%)
   Number of PLLs:  0 out of 2 (0%)
   Number of DQSDLLs:  0 out of 2 (0%)
   Number of CLKDIVC:  0 out of 4 (0%)
   Number of ECLKSYNCA:  0 out of 4 (0%)
   Number of ECLKBRIDGECS:  0 out of 2 (0%)
   Notes:-
      1. Total number of LUT4s = (Number of logic LUT4s) + 2*(Number of distributed RAMs) + 2*(Number of ripple logic)
      2. Number of logic LUT4s does not include count of distributed RAM and ripple logic.
   Number of clocks:  1
     Net Qaux: 13 loads, 13 rising, 0 falling (Driver: cto1/OSCInst0 )
   Number of Clock Enables:  0
   Number of local set/reset loads for net clr_c merged into GSR:  24
   Number of LSRs:  0
   Number of nets driven by tri-state buffers:  0
   Top 10 highest fanout non-clock nets:
     Net q18_aux[3]: 21 loads
     Net q18_aux[4]: 21 loads
     Net q18_aux[2]: 20 loads
     Net q18_aux[5]: 19 loads
     Net q18_aux[1]: 14 loads
     Net q18_aux[0]: 3 loads
     Net clr_c: 1 loads
     Net cto3/salida_132_7: 1 loads
     Net s_c[0]: 1 loads
     Net s_c[9]: 1 loads
 

   Number of warnings:  1
   Number of errors:    0



Total CPU Time: 0 secs  
Total REAL Time: 0 secs  
Peak Memory Usage: 57 MB

Dumping design to file lcd_aldair_impl1_map.ncd.

mpartrce -p "lcd_aldair_impl1.p2t" -f "lcd_aldair_impl1.p3t" -tf "lcd_aldair_impl1.pt" "lcd_aldair_impl1_map.ncd" "lcd_aldair_impl1.ncd"

---- MParTrce Tool ----
Removing old design directory at request of -rem command line option to this program.
Running par. Please wait . . .

Lattice Place and Route Report for Design "lcd_aldair_impl1_map.ncd"
Wed Jan 20 00:37:52 2021

PAR: Place And Route Diamond (64-bit) 3.12.0.240.2.
Command Line: par -w -l 5 -i 6 -t 1 -c 0 -e 0 -gui -exp parUseNBR=1:parCDP=0:parCDR=0:parPathBased=OFF:parASE=1 lcd_aldair_impl1_map.ncd lcd_aldair_impl1.dir/5_1.ncd lcd_aldair_impl1.prf
Preference file: lcd_aldair_impl1.prf.
Placement level-cost: 5-1.
Routing Iterations: 6

Loading design for application par from file lcd_aldair_impl1_map.ncd.
Design name: lcd_final
NCD version: 3.3
Vendor:      LATTICE
Device:      LCMXO2-7000HE
Package:     TQFP144
Performance: 4
Loading device for application par from file 'xo2c7000.nph' in environment: C:/lscc/diamond/3.12/ispfpga.
Package Status:                     Final          Version 1.39.
Performance Hardware Data Status:   Final          Version 34.4.
License checked out.


Ignore Preference Error(s):  True
Device utilization summary:

   PIO (prelim)   11+4(JTAG)/336     4% used
                  11+4(JTAG)/115     13% bonded

   SLICE             32/3432         <1% used

   GSR                1/1           100% used
   OSC                1/1           100% used


Number of Signals: 91
Number of Connections: 195

Pin Constraint Summary:
   11 out of 11 pins locked (100% locked).

The following 1 signal is selected to use the primary clock routing resources:
    Qaux (driver: cto1/OSCInst0, clk load #: 13)


No signal is selected as secondary clock.

Signal clr_c is selected as Global Set/Reset.
Starting Placer Phase 0.

Finished Placer Phase 0.  REAL time: 2 secs 

Starting Placer Phase 1.
..................
Placer score = 6701.
Finished Placer Phase 1.  REAL time: 12 secs 

Starting Placer Phase 2.
.
Placer score =  6591
Finished Placer Phase 2.  REAL time: 12 secs 


------------------ Clock Report ------------------

Global Clock Resources:
  CLK_PIN    : 0 out of 8 (0%)
  PLL        : 0 out of 2 (0%)
  DCM        : 0 out of 2 (0%)
  DCC        : 0 out of 8 (0%)

Global Clocks:
  PRIMARY "Qaux" from OSC on comp "cto1/OSCInst0" on site "OSC", clk load = 13

  PRIMARY  : 1 out of 8 (12%)
  SECONDARY: 0 out of 8 (0%)

Edge Clocks:
  No edge clock selected.

--------------- End of Clock Report ---------------


I/O Usage Summary (final):
   11 + 4(JTAG) out of 336 (4.5%) PIO sites used.
   11 + 4(JTAG) out of 115 (13.0%) bonded PIO sites used.
   Number of PIO comps: 11; differential: 0.
   Number of Vref pins used: 0.

I/O Bank Usage Summary:
+----------+----------------+------------+-----------+
| I/O Bank | Usage          | Bank Vccio | Bank Vref |
+----------+----------------+------------+-----------+
| 0        | 11 / 28 ( 39%) | 2.5V       | -         |
| 1        | 0 / 29 (  0%)  | -          | -         |
| 2        | 0 / 29 (  0%)  | -          | -         |
| 3        | 0 / 9 (  0%)   | -          | -         |
| 4        | 0 / 10 (  0%)  | -          | -         |
| 5        | 0 / 10 (  0%)  | -          | -         |
+----------+----------------+------------+-----------+

Total placer CPU time: 10 secs 

Dumping design to file lcd_aldair_impl1.dir/5_1.ncd.

0 connections routed; 195 unrouted.
Starting router resource preassignment

Completed router resource preassignment. Real time: 15 secs 

Start NBR router at 00:38:07 01/20/21

*****************************************************************
Info: NBR allows conflicts(one node used by more than one signal)
      in the earlier iterations. In each iteration, it tries to  
      solve the conflicts while keeping the critical connections 
      routed as short as possible. The routing process is said to
      be completed when no conflicts exist and all connections   
      are routed.                                                
Note: NBR uses a different method to calculate timing slacks. The
      worst slack and total negative slack may not be the same as
      that in TRCE report. You should always run TRCE to verify  
      your design.                                               
*****************************************************************

Start NBR special constraint process at 00:38:07 01/20/21

Start NBR section for initial routing at 00:38:07 01/20/21
Level 4, iteration 1
3(0.00%) conflicts; 0(0.00%) untouched conn; 0 (nbr) score; 
Estimated worst slack/total negative slack<setup>: 476.225ns/0.000ns; real time: 15 secs 

Info: Initial congestion level at 75% usage is 0
Info: Initial congestion area  at 75% usage is 0 (0.00%)

Start NBR section for normal routing at 00:38:07 01/20/21
Level 4, iteration 1
0(0.00%) conflict; 0(0.00%) untouched conn; 0 (nbr) score; 
Estimated worst slack/total negative slack<setup>: 476.225ns/0.000ns; real time: 15 secs 

Start NBR section for setup/hold timing optimization with effort level 3 at 00:38:07 01/20/21

Start NBR section for re-routing at 00:38:07 01/20/21
Level 4, iteration 1
0(0.00%) conflict; 0(0.00%) untouched conn; 0 (nbr) score; 
Estimated worst slack/total negative slack<setup>: 476.225ns/0.000ns; real time: 15 secs 

Start NBR section for post-routing at 00:38:07 01/20/21

End NBR router with 0 unrouted connection

NBR Summary
-----------
  Number of unrouted connections : 0 (0.00%)
  Number of connections with timing violations : 0 (0.00%)
  Estimated worst slack<setup> : 476.225ns
  Timing score<setup> : 0
-----------
Notes: The timing info is calculated for SETUP only and all PAR_ADJs are ignored.



Total CPU time 12 secs 
Total REAL time: 15 secs 
Completely routed.
End of route.  195 routed (100.00%); 0 unrouted.

Hold time timing score: 0, hold timing errors: 0

Timing score: 0 

Dumping design to file lcd_aldair_impl1.dir/5_1.ncd.


PAR_SUMMARY::Run status = Completed
PAR_SUMMARY::Number of unrouted conns = 0
PAR_SUMMARY::Worst  slack<setup/<ns>> = 476.225
PAR_SUMMARY::Timing score<setup/<ns>> = 0.000
PAR_SUMMARY::Worst  slack<hold /<ns>> = 0.370
PAR_SUMMARY::Timing score<hold /<ns>> = 0.000
PAR_SUMMARY::Number of errors = 0

Total CPU  time to completion: 13 secs 
Total REAL time to completion: 15 secs 

par done!

Note: user must run 'Trace' for timing closure signoff.

Copyright (c) 1991-1994 by NeoCAD Inc. All rights reserved.
Copyright (c) 1995 AT&T Corp.   All rights reserved.
Copyright (c) 1995-2001 Lucent Technologies Inc.  All rights reserved.
Copyright (c) 2001 Agere Systems   All rights reserved.
Copyright (c) 2002-2020 Lattice Semiconductor Corporation,  All rights reserved.
Exiting par with exit code 0
Exiting mpartrce with exit code 0

trce -f "lcd_aldair_impl1.pt" -o "lcd_aldair_impl1.twr" "lcd_aldair_impl1.ncd" "lcd_aldair_impl1.prf"
trce:  version Diamond (64-bit) 3.12.0.240.2

Copyright (c) 1991-1994 by NeoCAD Inc. All rights reserved.
Copyright (c) 1995 AT&T Corp.   All rights reserved.
Copyright (c) 1995-2001 Lucent Technologies Inc.  All rights reserved.
Copyright (c) 2001 Agere Systems   All rights reserved.
Copyright (c) 2002-2020 Lattice Semiconductor Corporation,  All rights reserved.

Loading design for application trce from file lcd_aldair_impl1.ncd.
Design name: lcd_final
NCD version: 3.3
Vendor:      LATTICE
Device:      LCMXO2-7000HE
Package:     TQFP144
Performance: 4
Loading device for application trce from file 'xo2c7000.nph' in environment: C:/lscc/diamond/3.12/ispfpga.
Package Status:                     Final          Version 1.39.
Performance Hardware Data Status:   Final          Version 34.4.
Setup and Hold Report

--------------------------------------------------------------------------------
Lattice TRACE Report - Setup, Version Diamond (64-bit) 3.12.0.240.2
Wed Jan 20 00:38:09 2021

Copyright (c) 1991-1994 by NeoCAD Inc. All rights reserved.
Copyright (c) 1995 AT&T Corp.   All rights reserved.
Copyright (c) 1995-2001 Lucent Technologies Inc.  All rights reserved.
Copyright (c) 2001 Agere Systems   All rights reserved.
Copyright (c) 2002-2020 Lattice Semiconductor Corporation,  All rights reserved.

Report Information
------------------
Command line:    trce -v 10 -gt -sethld -sp 4 -sphld m -o lcd_aldair_impl1.twr -gui lcd_aldair_impl1.ncd lcd_aldair_impl1.prf 
Design file:     lcd_aldair_impl1.ncd
Preference file: lcd_aldair_impl1.prf
Device,speed:    LCMXO2-7000HE,4
Report level:    verbose report, limited to 10 items per preference
--------------------------------------------------------------------------------

BLOCK ASYNCPATHS
BLOCK RESETPATHS
--------------------------------------------------------------------------------



Timing summary (Setup):
---------------

Timing errors: 0  Score: 0
Cumulative negative slack: 0

Constraints cover 300 paths, 1 nets, and 195 connections (100.00% coverage)

--------------------------------------------------------------------------------
Lattice TRACE Report - Hold, Version Diamond (64-bit) 3.12.0.240.2
Wed Jan 20 00:38:09 2021

Copyright (c) 1991-1994 by NeoCAD Inc. All rights reserved.
Copyright (c) 1995 AT&T Corp.   All rights reserved.
Copyright (c) 1995-2001 Lucent Technologies Inc.  All rights reserved.
Copyright (c) 2001 Agere Systems   All rights reserved.
Copyright (c) 2002-2020 Lattice Semiconductor Corporation,  All rights reserved.

Report Information
------------------
Command line:    trce -v 10 -gt -sethld -sp 4 -sphld m -o lcd_aldair_impl1.twr -gui lcd_aldair_impl1.ncd lcd_aldair_impl1.prf 
Design file:     lcd_aldair_impl1.ncd
Preference file: lcd_aldair_impl1.prf
Device,speed:    LCMXO2-7000HE,m
Report level:    verbose report, limited to 10 items per preference
--------------------------------------------------------------------------------

BLOCK ASYNCPATHS
BLOCK RESETPATHS
--------------------------------------------------------------------------------



Timing summary (Hold):
---------------

Timing errors: 0  Score: 0
Cumulative negative slack: 0

Constraints cover 300 paths, 1 nets, and 195 connections (100.00% coverage)



Timing summary (Setup and Hold):
---------------

Timing errors: 0 (setup), 0 (hold)
Score: 0 (setup), 0 (hold)
Cumulative negative slack: 0 (0+0)
--------------------------------------------------------------------------------

--------------------------------------------------------------------------------

Total CPU Time: 0 secs 
Total REAL Time: 0 secs 
Peak Memory Usage: 66 MB


tmcheck -par "lcd_aldair_impl1.par" 

bitgen -f "lcd_aldair_impl1.t2b" -w "lcd_aldair_impl1.ncd"  -jedec "lcd_aldair_impl1.prf"


BITGEN: Bitstream Generator Diamond (64-bit) 3.12.0.240.2
Copyright (c) 1991-1994 by NeoCAD Inc. All rights reserved.
Copyright (c) 1995 AT&T Corp.   All rights reserved.
Copyright (c) 1995-2001 Lucent Technologies Inc.  All rights reserved.
Copyright (c) 2001 Agere Systems   All rights reserved.
Copyright (c) 2002-2020 Lattice Semiconductor Corporation,  All rights reserved.


Loading design for application Bitgen from file lcd_aldair_impl1.ncd.
Design name: lcd_final
NCD version: 3.3
Vendor:      LATTICE
Device:      LCMXO2-7000HE
Package:     TQFP144
Performance: 4
Loading device for application Bitgen from file 'xo2c7000.nph' in environment: C:/lscc/diamond/3.12/ispfpga.
Package Status:                     Final          Version 1.39.
Performance Hardware Data Status:   Final          Version 34.4.

Running DRC.
DRC detected 0 errors and 0 warnings.
Reading Preference File from lcd_aldair_impl1.prf.

Preference Summary:
+---------------------------------+---------------------------------+
|  Preference                     |  Current Setting                |
+---------------------------------+---------------------------------+
|                         RamCfg  |                        Reset**  |
+---------------------------------+---------------------------------+
|                     MCCLK_FREQ  |                         2.08**  |
+---------------------------------+---------------------------------+
|                  CONFIG_SECURE  |                          OFF**  |
+---------------------------------+---------------------------------+
|                          INBUF  |                           ON**  |
+---------------------------------+---------------------------------+
|                      JTAG_PORT  |                       ENABLE**  |
+---------------------------------+---------------------------------+
|                       SDM_PORT  |                      DISABLE**  |
+---------------------------------+---------------------------------+
|                 SLAVE_SPI_PORT  |                      DISABLE**  |
+---------------------------------+---------------------------------+
|                MASTER_SPI_PORT  |                      DISABLE**  |
+---------------------------------+---------------------------------+
|                       I2C_PORT  |                      DISABLE**  |
+---------------------------------+---------------------------------+
|        MUX_CONFIGURATION_PORTS  |                      DISABLE**  |
+---------------------------------+---------------------------------+
|                  CONFIGURATION  |                          CFG**  |
+---------------------------------+---------------------------------+
|                COMPRESS_CONFIG  |                           ON**  |
+---------------------------------+---------------------------------+
|                        MY_ASSP  |                          OFF**  |
+---------------------------------+---------------------------------+
|               ONE_TIME_PROGRAM  |                          OFF**  |
+---------------------------------+---------------------------------+
|                 ENABLE_TRANSFR  |                      DISABLE**  |
+---------------------------------+---------------------------------+
|                  SHAREDEBRINIT  |                      DISABLE**  |
+---------------------------------+---------------------------------+
|            BACKGROUND_RECONFIG  |                          OFF**  |
+---------------------------------+---------------------------------+
 *  Default setting.
 ** The specified setting matches the default setting.


Creating bit map...
 
Bitstream Status: Final           Version 1.95.
 
Saving bit stream in "lcd_aldair_impl1.jed".
 
===========
UFM Summary.
===========
UFM Size:        2046 Pages (128*2046 Bits).
UFM Utilization: General Purpose Flash Memory.
 
Available General Purpose Flash Memory: 2046 Pages (Page 0 to Page 2045).
Initialized UFM Pages:                     0 Page.
 
Total CPU Time: 6 secs 
Total REAL Time: 10 secs 
Peak Memory Usage: 289 MB
