# Design Explorer: Shortcut to "D:\Semestre 2-2020\DSD\Ejercicios\Contador Sincrono Des Fun 2_7_4_1_2\cont_fun_27412\cont_fun_27412.aws" design added.
designverincludedir -clear
designverlibrarysim -PL -clear
designverlibrarysim -L -clear
designverlibrarysim -PL pmi_work
designverlibrarysim ovi_machxo2
designverdefinemacro -clear
addfile {D:/Semestre 2-2020/DSD/Ejercicios/Contador Sincrono Des Fun 2_7_4_1_2/cont_sinc_fun_27412.vhd}
# Adding file D:\Semestre 2-2020\DSD\Ejercicios\Contador Sincrono Des Fun 2_7_4_1_2\cont_sinc_fun_27412.vhd ... Done
vlib {D:/Semestre 2-2020/DSD/Ejercicios/Contador Sincrono Des Fun 2_7_4_1_2/cont_fun_27412/work}
# Adding library O.K.
adel -all
# Library contents cleared.
vcom -dbg -work work {D:/Semestre 2-2020/DSD/Ejercicios/Contador Sincrono Des Fun 2_7_4_1_2/cont_sinc_fun_27412.vhd}
# File: D:\Semestre 2-2020\DSD\Ejercicios\Contador Sincrono Des Fun 2_7_4_1_2\cont_sinc_fun_27412.vhd
# Compile Entity "cont"
# Compile Architecture "sinc_fun" of Entity "cont"
# Compile success 0 Errors 0 Warnings  Analysis time :  0.1 [s]
entity cont
# ELBREAD: Elaboration process.
# ELBREAD: Elaboration time 0.0 [s].
vsim +access +r cont -PL pmi_work -L ovi_machxo2
# ELBREAD: Elaboration process.
# ELBREAD: Elaboration time 0.0 [s].
# VSIM: Stack memory: 32MB
# VSIM: Retval memory: 32MB
# 
# KERNEL: Main thread initiated.
# KERNEL: Kernel process initialization phase.
# KERNEL: Time resolution set to 1ps.
# ELAB2: Elaboration final pass...
# ELAB2: Create instances ...
# ELAB2: Create instances complete.
# SLP: Started
# SLP: Elaboration phase ...
# SLP: Elaboration phase ... skipped, nothing to simulate in SLP mode : 0.0 [s]
# SLP: Finished : 0.0 [s]
# ELAB2: Elaboration final pass complete - time: 0.0 [s].
# KERNEL: Warning: You are using the Active-HDL Lattice Edition. The performance of simulation is running at a reduced rate.
# KERNEL: Warning: Contact Aldec for available upgrade options - sales@aldec.com.
# KERNEL: Kernel process initialization done.
# Allocation: Simulator allocated 6046 kB (elbread=1280 elab2=4627 kernel=138 sdf=0)
# KERNEL: ASDB file was created in location D:\Semestre 2-2020\DSD\Ejercicios\Contador Sincrono Des Fun 2_7_4_1_2\cont_fun_27412\src\wave.asdb
#  16:57, miércoles, 21 de octubre de 2020
#  Simulation has been initialized
add wave *
# 4 signal(s) traced.
run 1000ns
# Waveform file 'untitled.awc' connected to 'D:/Semestre 2-2020/DSD/Ejercicios/Contador Sincrono Des Fun 2_7_4_1_2/cont_fun_27412/src/wave.asdb'.
# KERNEL: stopped at time: 1 us
# KERNEL: Simulation has finished. There are no more test vectors to simulate.
run 100 ns
# KERNEL: stopped at time: 1100 ns
run 100 ns
# KERNEL: stopped at time: 1200 ns
run 100 ns
# KERNEL: stopped at time: 1300 ns
run 100 ns
# KERNEL: stopped at time: 1400 ns
run 100 ns
# KERNEL: stopped at time: 1500 ns
run 100 ns
# KERNEL: stopped at time: 1600 ns
run 100 ns
# KERNEL: stopped at time: 1700 ns
run 100 ns
# KERNEL: stopped at time: 1800 ns
run 100 ns
# KERNEL: stopped at time: 1900 ns
run 100 ns
# KERNEL: stopped at time: 2 us
run 100 ns
# KERNEL: stopped at time: 2100 ns
run 100 ns
# KERNEL: stopped at time: 2200 ns
