designverincludedir -clear
designverlibrarysim -PL -clear
designverlibrarysim -L -clear
designverlibrarysim -PL pmi_work
designverlibrarysim ovi_machxo2
designverdefinemacro -clear
addfile {D:/Semestre 2-2020/DSD/Ejercicios/Top BCD to 7Seg/clock_div_28.vhd}
# Adding file D:\Semestre 2-2020\DSD\Ejercicios\Top BCD to 7Seg\clock_div_28.vhd ... Done
addfile {D:/Semestre 2-2020/DSD/Ejercicios/Oscilador/oscilador_ejemplo.vhd}
# Adding file D:\Semestre 2-2020\DSD\Ejercicios\Oscilador\oscilador_ejemplo.vhd ... Done
addfile {D:/Semestre 2-2020/DSD/Ejercicios/Top BCD to 7Seg/bin_bcd.vhd}
# Adding file D:\Semestre 2-2020\DSD\Ejercicios\Top BCD to 7Seg\bin_bcd.vhd ... Done
addfile {D:/Semestre 2-2020/DSD/Ejercicios/Top BCD to 7Seg/mux11_3.vhd}
# Adding file D:\Semestre 2-2020\DSD\Ejercicios\Top BCD to 7Seg\mux11_3.vhd ... Done
addfile {D:/Semestre 2-2020/DSD/Ejercicios/Top BCD to 7Seg/dec_7_seg.vhd}
# Adding file D:\Semestre 2-2020\DSD\Ejercicios\Top BCD to 7Seg\dec_7_seg.vhd ... Done
vlib {D:/Semestre 2-2020/DSD/Ejercicios/Top BCD to 7Seg/clock_999/work}
# Warning: Library work already exists
adel -all
# Library contents cleared.
vcom -dbg -work work {D:/Semestre 2-2020/DSD/Ejercicios/Top BCD to 7Seg/clock_div_28.vhd}
# File: D:\Semestre 2-2020\DSD\Ejercicios\Top BCD to 7Seg\clock_div_28.vhd
# Compile Entity "clk_div"
# Compile Architecture "divisor" of Entity "clk_div"
# Compile success 0 Errors 0 Warnings  Analysis time :  0.1 [s]
vcom -dbg -work work {D:/Semestre 2-2020/DSD/Ejercicios/Oscilador/oscilador_ejemplo.vhd}
# File: D:\Semestre 2-2020\DSD\Ejercicios\Oscilador\oscilador_ejemplo.vhd
# Compile Entity "osc00"
# Compile Architecture "osc0" of Entity "osc00"
# Warning: ELAB1_0026: ../Oscilador/oscilador_ejemplo.vhd : (25, 0): There is no default binding for component "OSCH". (No entity named "OSCH" was found).
# Compile success 0 Errors 1 Warnings  Analysis time :  47.0 [ms]
vcom -dbg -work work {D:/Semestre 2-2020/DSD/Ejercicios/Top BCD to 7Seg/bin_bcd.vhd}
# File: D:\Semestre 2-2020\DSD\Ejercicios\Top BCD to 7Seg\bin_bcd.vhd
# Compile Entity "conv"
# Compile Architecture "bin_bcd" of Entity "conv"
# Compile success 0 Errors 0 Warnings  Analysis time :  79.0 [ms]
vcom -dbg -work work {D:/Semestre 2-2020/DSD/Ejercicios/Top BCD to 7Seg/mux11_3.vhd}
# File: D:\Semestre 2-2020\DSD\Ejercicios\Top BCD to 7Seg\mux11_3.vhd
# Compile Entity "multiplexor"
# Compile Architecture "mux" of Entity "multiplexor"
# Compile success 0 Errors 0 Warnings  Analysis time :  0.1 [s]
vcom -dbg -work work {D:/Semestre 2-2020/DSD/Ejercicios/Top BCD to 7Seg/dec_7_seg.vhd}
# File: D:\Semestre 2-2020\DSD\Ejercicios\Top BCD to 7Seg\dec_7_seg.vhd
# Compile Entity "seg"
# Compile Architecture "dec" of Entity "seg"
# Compile success 0 Errors 0 Warnings  Analysis time :  62.0 [ms]
entity clk_div
# ELBREAD: Elaboration process.
# ELBREAD: Elaboration time 0.1 [s].
vsim +access +r clk_div -PL pmi_work -L ovi_machxo2
# ELBREAD: Elaboration process.
# ELBREAD: Elaboration time 0.0 [s].
# VSIM: Stack memory: 32MB
# VSIM: Retval memory: 32MB
# 
# KERNEL: Main thread initiated.
# KERNEL: Kernel process initialization phase.
# KERNEL: Time resolution set to 1ps.
# ELAB2: Elaboration final pass...
# ELAB2: Create instances ...
# ELAB2: Create instances complete.
# SLP: Started
# SLP: Elaboration phase ...
# SLP: Elaboration phase ... skipped, nothing to simulate in SLP mode : 0.0 [s]
# SLP: Finished : 0.0 [s]
# ELAB2: Elaboration final pass complete - time: 0.2 [s].
# KERNEL: Warning: You are using the Active-HDL Lattice Edition. The performance of simulation is running at a reduced rate.
# KERNEL: Warning: Contact Aldec for available upgrade options - sales@aldec.com.
# KERNEL: Kernel process initialization done.
# Allocation: Simulator allocated 6173 kB (elbread=1280 elab2=4755 kernel=138 sdf=0)
# KERNEL: ASDB file was created in location D:\Semestre 2-2020\DSD\Ejercicios\Top BCD to 7Seg\clock_999\src\wave.asdb
#  10:01, lunes, 9 de noviembre de 2020
#  Simulation has been initialized
add wave *
# 5 signal(s) traced.
run 1000ns
# Waveform file 'untitled.awc' connected to 'D:/Semestre 2-2020/DSD/Ejercicios/Top BCD to 7Seg/clock_999/src/wave.asdb'.
# KERNEL: WARNING: There is an 'U'|'X'|'W'|'Z'|'-' in an arithmetic operand, the result will be 'X'(es).
# KERNEL: Time: 0 ps,  Iteration: 0,  Instance: /clk_div,  Process: line__18.
# KERNEL: stopped at time: 1 us
# KERNEL: Simulation has finished. There are no more test vectors to simulate.
run 100 ns
# KERNEL: WARNING: There is an 'U'|'X'|'W'|'Z'|'-' in an arithmetic operand, the result will be 'X'(es).
# KERNEL: Time: 1 us,  Iteration: 1,  Instance: /clk_div,  Process: line__18.
# KERNEL: stopped at time: 1100 ns
run 100 ns
# KERNEL: stopped at time: 1200 ns
run 100 ns
# KERNEL: stopped at time: 1300 ns
run 100 ns
# KERNEL: stopped at time: 1400 ns
run 100 ns
# KERNEL: stopped at time: 1500 ns
run 100 ns
# KERNEL: stopped at time: 1600 ns
run 100 ns
# KERNEL: stopped at time: 1700 ns
run 100 ns
# KERNEL: stopped at time: 1800 ns
run 100 ns
# KERNEL: stopped at time: 1900 ns
run 100 ns
# KERNEL: stopped at time: 2 us
run 100 ns
# KERNEL: stopped at time: 2100 ns
run 100 ns
# KERNEL: stopped at time: 2200 ns
run 100 ns
# KERNEL: stopped at time: 2300 ns
run 200 ns
# KERNEL: stopped at time: 2500 ns
run 200 ns
# KERNEL: stopped at time: 2700 ns
run 200 ns
# KERNEL: stopped at time: 2900 ns
run 200 ns
# KERNEL: stopped at time: 3100 ns
run 200 ns
# KERNEL: stopped at time: 3300 ns
run 200 ns
# KERNEL: stopped at time: 3500 ns
run 500 ns
# KERNEL: stopped at time: 4 us
run 500 ns
# KERNEL: stopped at time: 4500 ns
run 500 ns
# KERNEL: stopped at time: 5 us
run 500 ns
# KERNEL: stopped at time: 5500 ns
run 500 ns
# KERNEL: stopped at time: 6 us
run 1000 ns
# KERNEL: stopped at time: 7 us
run 1000 ns
# KERNEL: stopped at time: 8 us
run 1000 ns
# KERNEL: stopped at time: 9 us
run 1000 ns
# KERNEL: stopped at time: 10 us
run 1000 ns
# KERNEL: stopped at time: 11 us
run 1000 ns
# KERNEL: stopped at time: 12 us
run 1000 ns
# KERNEL: stopped at time: 13 us
run 1000 ns
# KERNEL: stopped at time: 14 us
run 1000 ns
# KERNEL: stopped at time: 15 us
run 1000 ns
# KERNEL: stopped at time: 16 us
run 1000 ns
# KERNEL: stopped at time: 17 us
run 1000 ns
# KERNEL: stopped at time: 18 us
run 1000 ns
# KERNEL: stopped at time: 19 us
run 1000 ns
# KERNEL: stopped at time: 20 us
run 1000 ns
# KERNEL: stopped at time: 21 us
run 1000 ns
# KERNEL: stopped at time: 22 us
run 1000 ns
# KERNEL: stopped at time: 23 us
run 1000 ns
# KERNEL: stopped at time: 24 us
run 1000 ns
# KERNEL: stopped at time: 25 us
run 1000 ns
# KERNEL: stopped at time: 26 us
run 1000 ns
# KERNEL: stopped at time: 27 us
run 1000 ns
# KERNEL: stopped at time: 28 us
run 1000 ns
# KERNEL: stopped at time: 29 us
run 1000 ns
# KERNEL: stopped at time: 30 us
run 1000 ns
# KERNEL: stopped at time: 31 us
run 1000 ns
# KERNEL: stopped at time: 32 us
run 1000 ns
# KERNEL: stopped at time: 33 us
run 1000 ns
# KERNEL: stopped at time: 34 us
run 1000 ns
# KERNEL: stopped at time: 35 us
run 1000 ns
# KERNEL: stopped at time: 36 us
run 1000 ns
# KERNEL: stopped at time: 37 us
run 1000 ns
# KERNEL: stopped at time: 38 us
run 1000 ns
# KERNEL: stopped at time: 39 us
run 1000 ns
# KERNEL: stopped at time: 40 us
run 1000 ns
# KERNEL: stopped at time: 41 us
run 1000 ns
# KERNEL: stopped at time: 42 us
run 1000 ns
# KERNEL: stopped at time: 43 us
run 1000 ns
# KERNEL: stopped at time: 44 us
run 1000 ns
# KERNEL: stopped at time: 45 us
run 2000 ns
# KERNEL: stopped at time: 47 us
run 2000 ns
# KERNEL: stopped at time: 49 us
run 2000 ns
# KERNEL: stopped at time: 51 us
run 2000 ns
# KERNEL: stopped at time: 53 us
run 2000 ns
# KERNEL: stopped at time: 55 us
run 2000 ns
# KERNEL: stopped at time: 57 us
run 2000 ns
# KERNEL: stopped at time: 59 us
run 2000 ns
# KERNEL: stopped at time: 61 us
run 2000 ns
# KERNEL: stopped at time: 63 us
run 2000 ns
# KERNEL: stopped at time: 65 us
run 2000 ns
# KERNEL: stopped at time: 67 us
run 2000 ns
# KERNEL: stopped at time: 69 us
run 2000 ns
# KERNEL: stopped at time: 71 us
run 2000 ns
# KERNEL: stopped at time: 73 us
run 2000 ns
# KERNEL: stopped at time: 75 us
run 2000 ns
# KERNEL: stopped at time: 77 us
run 2000 ns
# KERNEL: stopped at time: 79 us
run 2000 ns
# KERNEL: stopped at time: 81 us
run 2000 ns
# KERNEL: stopped at time: 83 us
run 2000 ns
# KERNEL: stopped at time: 85 us
run 2000 ns
# KERNEL: stopped at time: 87 us
run 2000 ns
# KERNEL: stopped at time: 89 us
run 2000 ns
# KERNEL: stopped at time: 91 us
run 2000 ns
# KERNEL: stopped at time: 93 us
run 2000 ns
# KERNEL: stopped at time: 95 us
run 2000 ns
# KERNEL: stopped at time: 97 us
run 2000 ns
# KERNEL: stopped at time: 99 us
run 2000 ns
# KERNEL: stopped at time: 101 us
run 100 ns
# KERNEL: stopped at time: 101100 ns
run 100 ns
# KERNEL: stopped at time: 101200 ns
run 100 ns
# KERNEL: stopped at time: 101300 ns
run 100 ns
# KERNEL: stopped at time: 101400 ns
run 10000 ns
# KERNEL: stopped at time: 111400 ns
run 10000 ns
# KERNEL: stopped at time: 121400 ns
run 10000 ns
# KERNEL: stopped at time: 131400 ns
run 10000 ns
# KERNEL: stopped at time: 141400 ns
run 10000 ns
# KERNEL: stopped at time: 151400 ns
run 10000 ns
# KERNEL: stopped at time: 161400 ns
run 10000 ns
# KERNEL: stopped at time: 171400 ns
run 100000 ns
# KERNEL: stopped at time: 271400 ns
run 100000 ns
# KERNEL: stopped at time: 371400 ns
run 100000 ns
# KERNEL: stopped at time: 471400 ns
run 100000 ns
# KERNEL: stopped at time: 571400 ns
run 100000 ns
# KERNEL: stopped at time: 671400 ns
run 100000 ns
# KERNEL: stopped at time: 771400 ns
run 100000 ns
# KERNEL: stopped at time: 871400 ns
run 100000 ns
# KERNEL: stopped at time: 971400 ns
run 100000 ns
# KERNEL: stopped at time: 1071400 ns
run 100000 ns
# KERNEL: stopped at time: 1171400 ns
run 100000 ns
# KERNEL: stopped at time: 1271400 ns
run 100000 ns
# KERNEL: stopped at time: 1371400 ns
run 100000000 ns
# KERNEL: stopped at time: 101371400 ns
run 100000000 ns
# KERNEL: stopped at time: 163065650 ns
