
Copyright (C) 1994-2018 Synopsys, Inc.
This Synopsys software and all associated documentation are proprietary to Synopsys, Inc.
and may only be used pursuant to the terms and conditions of a written license agreement
with Synopsys, Inc. All other use, reproduction, modification, or distribution of the
Synopsys software or the associated documentation is strictly prohibited.
Tool: Synplify Pro (R)
Build: N-2018.03L-SP1-1
Install: C:\lscc\diamond\3.11_x64\synpbase
OS: Windows 6.2

Hostname: DESKTOP-VE269NP

Implementation : impl1
Synopsys HDL compiler and linker, Version comp2018q2p1, Build 461R, Built Apr  1 2019 09:17:43

Modified Files: 20
FID:  path (prevtimestamp, timestamp)
0        C:\lscc\diamond\3.11_x64\cae_library\synthesis\vhdl\machxo2.vhd (N/A, 2018-11-15 00:32:12)
1        C:\lscc\diamond\3.11_x64\synpbase\lib\lucent\machxo2.vhd (N/A, 2019-04-01 08:08:08)
2        C:\lscc\diamond\3.11_x64\synpbase\lib\vhd\arith.vhd (N/A, 2019-04-01 08:07:44)
3        C:\lscc\diamond\3.11_x64\synpbase\lib\vhd\hyperents.vhd (N/A, 2019-04-01 08:07:44)
4        C:\lscc\diamond\3.11_x64\synpbase\lib\vhd\location.map (N/A, 2019-04-01 15:38:28)
5        C:\lscc\diamond\3.11_x64\synpbase\lib\vhd\numeric.vhd (N/A, 2019-04-01 08:07:44)
6        C:\lscc\diamond\3.11_x64\synpbase\lib\vhd\snps_haps_pkg.vhd (N/A, 2019-04-01 08:07:44)
7        C:\lscc\diamond\3.11_x64\synpbase\lib\vhd\std.vhd (N/A, 2019-04-01 08:07:44)
8        C:\lscc\diamond\3.11_x64\synpbase\lib\vhd\std1164.vhd (N/A, 2019-04-01 08:07:44)
9        C:\lscc\diamond\3.11_x64\synpbase\lib\vhd\umr_capim.vhd (N/A, 2019-04-01 08:07:44)
10       C:\lscc\diamond\3.11_x64\synpbase\lib\vhd\unsigned.vhd (N/A, 2019-04-01 08:07:44)
11       D:\Semestre 2-2020\DSD\Ejercicios\Oscilador\oscilador_ejemplo.vhd (N/A, 2020-10-07 22:21:54)
12       D:\Semestre 2-2020\DSD\Practicas\Top BCD to 7Seg\dec_7_seg.vhd (N/A, 2020-11-13 14:40:19)
13       D:\Semestre 2-2020\DSD\Practicas\Top Teclado Matricial\Top_Teclado.vhd (N/A, 2020-11-28 19:47:57)
14       D:\Semestre 2-2020\DSD\Practicas\Top Teclado Matricial\clock_div.vhd (N/A, 2020-11-28 18:28:21)
15       D:\Semestre 2-2020\DSD\Practicas\Top Teclado Matricial\cont_16.vhd (N/A, 2020-11-28 17:51:01)
16       D:\Semestre 2-2020\DSD\Practicas\Top Teclado Matricial\debounce.vhd (N/A, 2020-11-28 18:25:23)
17       D:\Semestre 2-2020\DSD\Practicas\Top Teclado Matricial\decoder_1_4.vhd (N/A, 2020-11-28 17:56:57)
18       D:\Semestre 2-2020\DSD\Practicas\Top Teclado Matricial\mux_4_1.vhd (N/A, 2020-11-28 17:40:45)
19       D:\Semestre 2-2020\DSD\Practicas\Top Teclado Matricial\reg_4b.vhd (N/A, 2020-11-28 18:49:48)

*******************************************************************
Modules that may have changed as a result of file changes: 9
MID:  lib.cell.view
0        work.clk_div.divisor may have changed because the following files changed:
                        D:\Semestre 2-2020\DSD\Practicas\Top Teclado Matricial\Top_Teclado.vhd (N/A, 2020-11-28 19:47:57) <-- (may instantiate this module)
                        D:\Semestre 2-2020\DSD\Practicas\Top Teclado Matricial\clock_div.vhd (N/A, 2020-11-28 18:28:21) <-- (architecture and entity definition)
2        work.cont.sinc_fun may have changed because the following files changed:
                        D:\Semestre 2-2020\DSD\Practicas\Top Teclado Matricial\Top_Teclado.vhd (N/A, 2020-11-28 19:47:57) <-- (may instantiate this module)
                        D:\Semestre 2-2020\DSD\Practicas\Top Teclado Matricial\cont_16.vhd (N/A, 2020-11-28 17:51:01) <-- (architecture and entity definition)
4        work.deb.noreb may have changed because the following files changed:
                        D:\Semestre 2-2020\DSD\Practicas\Top Teclado Matricial\Top_Teclado.vhd (N/A, 2020-11-28 19:47:57) <-- (may instantiate this module)
                        D:\Semestre 2-2020\DSD\Practicas\Top Teclado Matricial\debounce.vhd (N/A, 2020-11-28 18:25:23) <-- (architecture and entity definition)
6        work.decoder.dec may have changed because the following files changed:
                        D:\Semestre 2-2020\DSD\Practicas\Top Teclado Matricial\Top_Teclado.vhd (N/A, 2020-11-28 19:47:57) <-- (may instantiate this module)
                        D:\Semestre 2-2020\DSD\Practicas\Top Teclado Matricial\decoder_1_4.vhd (N/A, 2020-11-28 17:56:57) <-- (architecture and entity definition)
8        work.multi.mux may have changed because the following files changed:
                        D:\Semestre 2-2020\DSD\Practicas\Top Teclado Matricial\Top_Teclado.vhd (N/A, 2020-11-28 19:47:57) <-- (may instantiate this module)
                        D:\Semestre 2-2020\DSD\Practicas\Top Teclado Matricial\mux_4_1.vhd (N/A, 2020-11-28 17:40:45) <-- (architecture and entity definition)
10       work.osc00.osc0 may have changed because the following files changed:
                        D:\Semestre 2-2020\DSD\Ejercicios\Oscilador\oscilador_ejemplo.vhd (N/A, 2020-10-07 22:21:54) <-- (architecture and entity definition)
                        D:\Semestre 2-2020\DSD\Practicas\Top Teclado Matricial\Top_Teclado.vhd (N/A, 2020-11-28 19:47:57) <-- (may instantiate this module)
12       work.reg.registro may have changed because the following files changed:
                        D:\Semestre 2-2020\DSD\Practicas\Top Teclado Matricial\Top_Teclado.vhd (N/A, 2020-11-28 19:47:57) <-- (may instantiate this module)
                        D:\Semestre 2-2020\DSD\Practicas\Top Teclado Matricial\reg_4b.vhd (N/A, 2020-11-28 18:49:48) <-- (architecture and entity definition)
14       work.seg.dec may have changed because the following files changed:
                        D:\Semestre 2-2020\DSD\Practicas\Top BCD to 7Seg\dec_7_seg.vhd (N/A, 2020-11-13 14:40:19) <-- (architecture and entity definition)
                        D:\Semestre 2-2020\DSD\Practicas\Top Teclado Matricial\Top_Teclado.vhd (N/A, 2020-11-28 19:47:57) <-- (may instantiate this module)
16       work.top.tec may have changed because the following files changed:
                        D:\Semestre 2-2020\DSD\Practicas\Top Teclado Matricial\Top_Teclado.vhd (N/A, 2020-11-28 19:47:57) <-- (architecture and entity definition)

*******************************************************************
Unmodified files: 0
FID:  path (timestamp)

*******************************************************************
Unchanged modules: 0
MID:  lib.cell.view
