# Design Explorer: Shortcut to "D:\Semestre 2-2020\DSD\Ejercicios\Bin_BCD\bin_bcd\bin_bcd.aws" design added.
designverincludedir -clear
designverlibrarysim -PL -clear
designverlibrarysim -L -clear
designverlibrarysim -PL pmi_work
designverlibrarysim ovi_machxo2
designverdefinemacro -clear
addfile {D:/Semestre 2-2020/DSD/Ejercicios/Bin_BCD/bin_BCD.vhd}
# Adding file D:\Semestre 2-2020\DSD\Ejercicios\Bin_BCD\bin_BCD.vhd ... Done
vlib {D:/Semestre 2-2020/DSD/Ejercicios/Bin_BCD/bin_bcd/work}
# Adding library O.K.
adel -all
# Library contents cleared.
vcom -dbg -work work {D:/Semestre 2-2020/DSD/Ejercicios/Bin_BCD/bin_BCD.vhd}
# File: D:\Semestre 2-2020\DSD\Ejercicios\Bin_BCD\bin_BCD.vhd
# Compile Entity "conv"
# Compile Architecture "bin_bcd" of Entity "conv"
# Compile success 0 Errors 0 Warnings  Analysis time :  0.4 [s]
entity conv
# ELBREAD: Elaboration process.
# ELBREAD: Elaboration time 0.1 [s].
vsim +access +r conv -PL pmi_work -L ovi_machxo2
# ELBREAD: Elaboration process.
# ELBREAD: Elaboration time 0.0 [s].
# VSIM: Stack memory: 32MB
# VSIM: Retval memory: 32MB
# 
# KERNEL: Main thread initiated.
# KERNEL: Kernel process initialization phase.
# KERNEL: Time resolution set to 1ps.
# ELAB2: Elaboration final pass...
# ELAB2: Create instances ...
# ELAB2: Create instances complete.
# SLP: Started
# SLP: Elaboration phase ...
# SLP: Elaboration phase ... skipped, nothing to simulate in SLP mode : 0.0 [s]
# SLP: Finished : 0.0 [s]
# ELAB2: Elaboration final pass complete - time: 0.3 [s].
# KERNEL: Warning: You are using the Active-HDL Lattice Edition. The performance of simulation is running at a reduced rate.
# KERNEL: Warning: Contact Aldec for available upgrade options - sales@aldec.com.
# KERNEL: Kernel process initialization done.
# Allocation: Simulator allocated 6173 kB (elbread=1280 elab2=4755 kernel=138 sdf=0)
# KERNEL: ASDB file was created in location D:\Semestre 2-2020\DSD\Ejercicios\Bin_BCD\bin_bcd\src\wave.asdb
#  17:01, miércoles, 28 de octubre de 2020
#  Simulation has been initialized
add wave *
# 2 signal(s) traced.
run 1000ns
# Waveform file 'untitled.awc' connected to 'D:/Semestre 2-2020/DSD/Ejercicios/Bin_BCD/bin_bcd/src/wave.asdb'.
# KERNEL: WARNING: There is an 'U'|'X'|'W'|'Z'|'-' in an arithmetic operand, the result will be 'X'(es).
# KERNEL: Time: 0 ps,  Iteration: 0,  Instance: /conv,  Process: line__14.
# KERNEL: WARNING: There is an 'U'|'X'|'W'|'Z'|'-' in an arithmetic operand, the result will be 'X'(es).
# KERNEL: Time: 0 ps,  Iteration: 0,  Instance: /conv,  Process: line__14.
# KERNEL: WARNING: There is an 'U'|'X'|'W'|'Z'|'-' in an arithmetic operand, the result will be 'X'(es).
# KERNEL: Time: 0 ps,  Iteration: 0,  Instance: /conv,  Process: line__14.
# KERNEL: WARNING: There is an 'U'|'X'|'W'|'Z'|'-' in an arithmetic operand, the result will be 'X'(es).
# KERNEL: Time: 0 ps,  Iteration: 0,  Instance: /conv,  Process: line__14.
# KERNEL: WARNING: There is an 'U'|'X'|'W'|'Z'|'-' in an arithmetic operand, the result will be 'X'(es).
# KERNEL: Time: 0 ps,  Iteration: 0,  Instance: /conv,  Process: line__14.
# KERNEL: WARNING: There is an 'U'|'X'|'W'|'Z'|'-' in an arithmetic operand, the result will be 'X'(es).
# KERNEL: Time: 0 ps,  Iteration: 0,  Instance: /conv,  Process: line__14.
# KERNEL: WARNING: There is an 'U'|'X'|'W'|'Z'|'-' in an arithmetic operand, the result will be 'X'(es).
# KERNEL: Time: 0 ps,  Iteration: 0,  Instance: /conv,  Process: line__14.
# KERNEL: WARNING: There is an 'U'|'X'|'W'|'Z'|'-' in an arithmetic operand, the result will be 'X'(es).
# KERNEL: Time: 0 ps,  Iteration: 0,  Instance: /conv,  Process: line__14.
# KERNEL: stopped at time: 1 us
# KERNEL: Simulation has finished. There are no more test vectors to simulate.
run 100 ns
# KERNEL: stopped at time: 1100 ns
# KERNEL: Simulation has finished. There are no more test vectors to simulate.
