# Design Explorer: Shortcut to "D:\Semestre 2-2020\DSD\Ejercicios\Contador Sincrono Descripcion Funcional\cont_sinc_fun\cont_sinc_fun.aws" design added.
designverincludedir -clear
designverlibrarysim -PL -clear
designverlibrarysim -L -clear
designverlibrarysim -PL pmi_work
designverlibrarysim ovi_machxo2
designverdefinemacro -clear
addfile {D:/Semestre 2-2020/DSD/Ejercicios/Contador Sincrono Descripcion Funcional/cont_sinc_fun.vhd}
# Adding file D:\Semestre 2-2020\DSD\Ejercicios\Contador Sincrono Descripcion Funcional\cont_sinc_fun.vhd ... Done
vlib {D:/Semestre 2-2020/DSD/Ejercicios/Contador Sincrono Descripcion Funcional/cont_sinc_fun/work}
# Adding library O.K.
adel -all
# Library contents cleared.
vcom -dbg -work work {D:/Semestre 2-2020/DSD/Ejercicios/Contador Sincrono Descripcion Funcional/cont_sinc_fun.vhd}
# File: D:\Semestre 2-2020\DSD\Ejercicios\Contador Sincrono Descripcion Funcional\cont_sinc_fun.vhd
# Compile Entity "cont"
# Compile Architecture "sinc_fun" of Entity "cont"
# Compile success 0 Errors 0 Warnings  Analysis time :  0.3 [s]
entity cont
# ELBREAD: Elaboration process.
# ELBREAD: Elaboration time 0.1 [s].
vsim +access +r cont -PL pmi_work -L ovi_machxo2
# ELBREAD: Elaboration process.
# ELBREAD: Elaboration time 0.0 [s].
# VSIM: Stack memory: 32MB
# VSIM: Retval memory: 32MB
# 
# KERNEL: Main thread initiated.
# KERNEL: Kernel process initialization phase.
# KERNEL: Time resolution set to 1ps.
# ELAB2: Elaboration final pass...
# ELAB2: Create instances ...
# ELAB2: Create instances complete.
# SLP: Started
# SLP: Elaboration phase ...
# SLP: Elaboration phase ... skipped, nothing to simulate in SLP mode : 0.0 [s]
# SLP: Finished : 0.0 [s]
# ELAB2: Elaboration final pass complete - time: 0.3 [s].
# KERNEL: Warning: You are using the Active-HDL Lattice Edition. The performance of simulation is running at a reduced rate.
# KERNEL: Warning: Contact Aldec for available upgrade options - sales@aldec.com.
# KERNEL: Kernel process initialization done.
# Allocation: Simulator allocated 6046 kB (elbread=1280 elab2=4628 kernel=138 sdf=0)
# KERNEL: ASDB file was created in location D:\Semestre 2-2020\DSD\Ejercicios\Contador Sincrono Descripcion Funcional\cont_sinc_fun\src\wave.asdb
#  16:51, miércoles, 21 de octubre de 2020
#  Simulation has been initialized
add wave *
# 4 signal(s) traced.
run 1000ns
# Waveform file 'untitled.awc' connected to 'D:/Semestre 2-2020/DSD/Ejercicios/Contador Sincrono Descripcion Funcional/cont_sinc_fun/src/wave.asdb'.
# KERNEL: stopped at time: 1 us
# KERNEL: Simulation has finished. There are no more test vectors to simulate.
