# Design Explorer: Shortcut to "D:\Semestre 2-2020\DSD\Ejercicios\MUX\mux\mux.aws" design added.
designverincludedir -clear
designverlibrarysim -PL -clear
designverlibrarysim -L -clear
designverlibrarysim -PL pmi_work
designverlibrarysim ovi_machxo2
designverdefinemacro -clear
addfile {D:/Semestre 2-2020/DSD/Ejercicios/MUX/mux.vhd}
# Adding file D:\Semestre 2-2020\DSD\Ejercicios\MUX\mux.vhd ... Done
vlib {D:/Semestre 2-2020/DSD/Ejercicios/MUX/mux/work}
# Adding library O.K.
adel -all
# Library contents cleared.
vcom -dbg -work work {D:/Semestre 2-2020/DSD/Ejercicios/MUX/mux.vhd}
# File: D:\Semestre 2-2020\DSD\Ejercicios\MUX\mux.vhd
# Compile Entity "multiplexor"
# Compile Architecture "mux" of Entity "multiplexor"
# Compile success 0 Errors 0 Warnings  Analysis time :  0.3 [s]
entity multiplexor
# ELBREAD: Elaboration process.
# ELBREAD: Elaboration time 0.0 [s].
vsim +access +r multiplexor -PL pmi_work -L ovi_machxo2
# ELBREAD: Elaboration process.
# ELBREAD: Elaboration time 0.1 [s].
# VSIM: Stack memory: 32MB
# VSIM: Retval memory: 32MB
# 
# KERNEL: Main thread initiated.
# KERNEL: Kernel process initialization phase.
# KERNEL: Time resolution set to 1ps.
# ELAB2: Elaboration final pass...
# ELAB2: Create instances ...
# ELAB2: Create instances complete.
# SLP: Started
# SLP: Elaboration phase ...
# SLP: Elaboration phase ... skipped, nothing to simulate in SLP mode : 0.0 [s]
# SLP: Finished : 0.0 [s]
# ELAB2: Elaboration final pass complete - time: 0.0 [s].
# KERNEL: Warning: You are using the Active-HDL Lattice Edition. The performance of simulation is running at a reduced rate.
# KERNEL: Warning: Contact Aldec for available upgrade options - sales@aldec.com.
# KERNEL: Kernel process initialization done.
# Allocation: Simulator allocated 6044 kB (elbread=1280 elab2=4626 kernel=137 sdf=0)
# KERNEL: ASDB file was created in location D:\Semestre 2-2020\DSD\Ejercicios\MUX\mux\src\wave.asdb
#  13:48, lunes, 5 de octubre de 2020
#  Simulation has been initialized
add wave *
# 3 signal(s) traced.
run 1000ns
# Waveform file 'untitled.awc' connected to 'D:/Semestre 2-2020/DSD/Ejercicios/MUX/mux/src/wave.asdb'.
# KERNEL: stopped at time: 1 us
# KERNEL: Simulation has finished. There are no more test vectors to simulate.
run 100 ns
# KERNEL: stopped at time: 1100 ns
# KERNEL: Simulation has finished. There are no more test vectors to simulate.
run 100 ns
# KERNEL: stopped at time: 1200 ns
# KERNEL: Simulation has finished. There are no more test vectors to simulate.
run 100 ns
# KERNEL: stopped at time: 1300 ns
# KERNEL: Simulation has finished. There are no more test vectors to simulate.
run 100 ns
# KERNEL: stopped at time: 1400 ns
# KERNEL: Simulation has finished. There are no more test vectors to simulate.
run 100 ns
# KERNEL: stopped at time: 1500 ns
# KERNEL: Simulation has finished. There are no more test vectors to simulate.
