
Copyright (C) 1994-2020 Synopsys, Inc.
This Synopsys software and all associated documentation are proprietary to Synopsys, Inc.
and may only be used pursuant to the terms and conditions of a written license agreement
with Synopsys, Inc. All other use, reproduction, modification, or distribution of the
Synopsys software or the associated documentation is strictly prohibited.
Tool: Synplify Pro (R)
Build: Q-2020.03L-SP1
Install: C:\lscc\diamond\3.12\synpbase
OS: Windows 6.2

Hostname: DESKTOP-2I5LM3P

Implementation : impl1
Synopsys HDL compiler and linker, Version comp202003synp2, Build 182R, Built Oct 29 2020 10:49:53, @

Modified Files: 1
FID:  path (prevtimestamp, timestamp)
12       D:\Semestre 2-2020\DSD\Practicas\LCD_ALDAIR\impl1\source\memoria.vhd (2021-01-20 00:34:11, 2021-01-20 00:37:28)

*******************************************************************
Modules that may have changed as a result of file changes: 1
MID:  lib.cell.view
4        work.memoria_1.memoria may have changed because the following files changed:
                        D:\Semestre 2-2020\DSD\Practicas\LCD_ALDAIR\impl1\source\memoria.vhd (2021-01-20 00:34:11, 2021-01-20 00:37:28) <-- (architecture and entity definition)

*******************************************************************
Unmodified files: 13
FID:  path (timestamp)
0        C:\lscc\diamond\3.12\cae_library\synthesis\vhdl\machxo2.vhd (2018-11-15 00:32:12)
1        C:\lscc\diamond\3.12\synpbase\lib\vhd\arith.vhd (2020-10-29 10:23:10)
2        C:\lscc\diamond\3.12\synpbase\lib\vhd\hyperents.vhd (2020-10-29 10:23:10)
3        C:\lscc\diamond\3.12\synpbase\lib\vhd\location.map (2020-11-02 17:26:20)
4        C:\lscc\diamond\3.12\synpbase\lib\vhd\numeric.vhd (2020-10-29 10:23:10)
5        C:\lscc\diamond\3.12\synpbase\lib\vhd\snps_haps_pkg.vhd (2020-10-29 10:23:10)
6        C:\lscc\diamond\3.12\synpbase\lib\vhd\std.vhd (2020-10-29 10:23:10)
7        C:\lscc\diamond\3.12\synpbase\lib\vhd\std1164.vhd (2020-10-29 10:23:10)
8        C:\lscc\diamond\3.12\synpbase\lib\vhd\umr_capim.vhd (2020-10-29 10:23:10)
9        C:\lscc\diamond\3.12\synpbase\lib\vhd\unsigned.vhd (2020-10-29 10:23:10)
10       D:\Semestre 2-2020\DSD\Practicas\LCD_ALDAIR\impl1\source\clk_div.vhd (2020-12-23 12:55:56)
11       D:\Semestre 2-2020\DSD\Practicas\LCD_ALDAIR\impl1\source\lcd_top.vhd (2021-01-06 17:05:34)
13       D:\Semestre 2-2020\DSD\Practicas\LCD_ALDAIR\impl1\source\oscilador.vhd (2020-12-22 20:03:10)

*******************************************************************
Unchanged modules: 6
MID:  lib.cell.view
0        work.clk_div.divisor
1        work.clk_div.vhdl
2        work.lcd_final.lcd
3        work.lcd_final.vhdl
6        work.osc00.osc0
7        work.osc00.vhdl
