Active-HDL 10.5.216.6767 2020-10-08 17:49:30

Elaboration top modules:
Architecture                  shifter(barrel_izq_der)


-----------------------------------------------------------------------------------------------
Entity         | Architecture | Library | Info | Compiler Version        | Compilation Options
-----------------------------------------------------------------------------------------------
barrel_izq_der | shifter      | work    |      | 10.5.216.6767 (Windows) | -dbg
-----------------------------------------------------------------------------------------------

-----------------------------------------------------------------------------------------------
VHDL Package                  | Library | Info | Compiler Version        | Compilation Options
-----------------------------------------------------------------------------------------------
standard                      | std     |      |                         | <unavailable>
TEXTIO                        | std     |      |                         | <unavailable>
std_logic_1164                | ieee    |      |                         | <unavailable>
-----------------------------------------------------------------------------------------------

-----------------------------------------------------------------------------------------------
Library                       | Comment
-----------------------------------------------------------------------------------------------
ieee                          | Standard IEEE packages library
std                           | Standard VHDL library
work                          | None
-----------------------------------------------------------------------------------------------


Simulation Options: vsim +access +r barrel_izq_der -PL pmi_work -L ovi_machxo2


The performance of simulation is reduced. Version Lattice Edition
